Filename	no.	label	start(ms)	stop(ms)	Duration(ms)
20111215-1-kiy-ap-framedwordlist1	 12 	 fa:2:21:20:1	 138.147 	 138.449 	 302.439
 20111215-1-kiy-ap-framedwordlist1	 13 	 kru:1:21:20:1	 138.449 	 138.849 	 400.077
 20111215-1-kiy-ap-framedwordlist1	 15 	 fa:2:21:20:2	 139.533 	 139.874 	 340.541
 20111215-1-kiy-ap-framedwordlist1	 16 	 kru:1:21:20:2	 139.874 	 140.264 	 390.551
 20111215-1-kiy-ap-framedwordlist1	 18 	 fa:5:51:56:1	 145.680 	 145.938 	 257.431
 20111215-1-kiy-ap-framedwordlist1	 20 	 kru:1:51:56:1	 146.058 	 146.391 	 333.458
 20111215-1-kiy-ap-framedwordlist1	 22 	 fa:5:51:56:2	 147.151 	 147.449 	 297.717
 20111215-1-kiy-ap-framedwordlist1	 24 	 kru:1:51:56:2	 147.562 	 147.897 	 334.642
 20111215-1-kiy-ap-framedwordlist1	 34 	 fa:2:22:21:1	 181.730 	 181.983 	 252.781
 20111215-1-kiy-ap-framedwordlist1	 36 	 fO:2:22:21:1	 182.048 	 182.385 	 336.510
 20111215-1-kiy-ap-framedwordlist1	 38 	 fa:2:22:21:2	 183.033 	 183.263 	 230.703
 20111215-1-kiy-ap-framedwordlist1	 40 	 fO:2:22:21:2	 183.321 	 183.669 	 347.674
 20111215-1-kiy-ap-framedwordlist1	 42 	 fO:3:31:28:1	 189.678 	 189.838 	 160.115
 20111215-1-kiy-ap-framedwordlist1	 44 	 fa:1:31:28:1	 189.905 	 190.270 	 365.217
 20111215-1-kiy-ap-framedwordlist1	 46 	 fO:3:31:28:2	 190.957 	 191.134 	 177.300
 20111215-1-kiy-ap-framedwordlist1	 48 	 fa:1:31:28:2	 191.198 	 191.568 	 370.002
 20111215-1-kiy-ap-framedwordlist1	 50 	 fa:2:22:22:1	 199.491 	 199.691 	 199.856
 20111215-1-kiy-ap-framedwordlist1	 52 	 fo:2:22:22:1	 199.753 	 200.095 	 342.890
 20111215-1-kiy-ap-framedwordlist1	 54 	 fa:2:22:22:2	 200.671 	 200.898 	 226.448
 20111215-1-kiy-ap-framedwordlist1	 56 	 fo:2:22:22:2	 200.989 	 201.383 	 393.924
 20111215-1-kiy-ap-framedwordlist1	 58 	 ndE:1:12:12:1	 210.647 	 210.831 	 183.908
 20111215-1-kiy-ap-framedwordlist1	 60 	 fO:2:12:12:1	 210.891 	 211.331 	 440.175
 20111215-1-kiy-ap-framedwordlist1	 62 	 ndE:1:12:12:2	 211.887 	 212.058 	 170.882
 20111215-1-kiy-ap-framedwordlist1	 64 	 fO:2:12:12:2	 212.119 	 212.553 	 434.801
 20111215-1-kiy-ap-framedwordlist1	 66 	 fa:5:55:63:1	 218.580 	 218.795 	 215.303
 20111215-1-kiy-ap-framedwordlist1	 68 	 tu:5:55:63:1	 218.894 	 219.281 	 386.987
 20111215-1-kiy-ap-framedwordlist1	 70 	 fa:5:55:63:2	 219.772 	 220.019 	 247.200
 20111215-1-kiy-ap-framedwordlist1	 72 	 tu:5:55:63:2	 220.117 	 220.437 	 320.562
 20111215-1-kiy-ap-framedwordlist1	 74 	 ndE:1:13:15:1	 229.404 	 229.559 	 154.818
 20111215-1-kiy-ap-framedwordlist1	 76 	 fa:3:13:15:1	 229.630 	 230.021 	 390.735
 20111215-1-kiy-ap-framedwordlist1	 78 	 ndE:1:13:15:2	 230.618 	 230.774 	 155.630
 20111215-1-kiy-ap-framedwordlist1	 80 	 fa:3:13:15:2	 230.858 	 231.257 	 398.709
 20111215-1-kiy-ap-framedwordlist1	 82 	 fO:3:35:36:1	 237.555 	 237.739 	 184.312
 20111215-1-kiy-ap-framedwordlist1	 84 	 tu:5:35:36:1	 237.837 	 238.177 	 339.700
 20111215-1-kiy-ap-framedwordlist1	 86 	 fO:3:35:36:2	 238.792 	 238.999 	 207.410
 20111215-1-kiy-ap-framedwordlist1	 88 	 tu:5:35:36:2	 239.098 	 239.377 	 279.050
 20111215-1-kiy-ap-framedwordlist1	 90 	 ya:5:53:51:1	 244.386 	 244.539 	 153.606
 20111215-1-kiy-ap-framedwordlist1	 92 	 fa:3:53:51:1	 244.618 	 245.041 	 422.631
 20111215-1-kiy-ap-framedwordlist1	 94 	 ya:5:53:51:2	 245.608 	 245.756 	 147.484
 20111215-1-kiy-ap-framedwordlist1	 96 	 fa:3:53:51:2	 245.837 	 246.241 	 403.493
 20111215-1-kiy-ap-framedwordlist1	 100 	 ndE:1:12:14:1	 266.517 	 266.683 	 165.917
 20111215-1-kiy-ap-framedwordlist1	 102 	 krU:2:12:14:1	 266.776 	 267.060 	 283.881
 20111215-1-kiy-ap-framedwordlist1	 104 	 ndE:1:12:14:2	 267.556 	 267.710 	 153.348
 20111215-1-kiy-ap-framedwordlist1	 106 	 krU:2:12:14:2	 267.808 	 268.044 	 236.193
 20111215-1-kiy-ap-framedwordlist1	 108 	 fO:3:31:29:1	 275.089 	 275.269 	 180.011
 20111215-1-kiy-ap-framedwordlist1	 110 	 kru:1:31:29:1	 275.361 	 275.671 	 309.398
 20111215-1-kiy-ap-framedwordlist1	 112 	 fO:3:31:29:2	 276.396 	 276.595 	 199.157
 20111215-1-kiy-ap-framedwordlist1	 114 	 kru:1:31:29:2	 276.699 	 277.034 	 334.915
 20111215-1-kiy-ap-framedwordlist1	 116 	 fa:5:51:55:1	 282.282 	 282.525 	 242.724
 20111215-1-kiy-ap-framedwordlist1	 118 	 fa:1:51:55:1	 282.614 	 283.016 	 401.899
 20111215-1-kiy-ap-framedwordlist1	 120 	 fa:5:51:55:2	 283.498 	 283.757 	 259.037
 20111215-1-kiy-ap-framedwordlist1	 122 	 fa:1:51:55:2	 283.838 	 284.209 	 371.023
 20111215-1-kiy-ap-framedwordlist1	 124 	 ya:5:52:50:1	 290.383 	 290.564 	 180.343
 20111215-1-kiy-ap-framedwordlist1	 126 	 krU:2:52:50:1	 290.669 	 290.986 	 317.372
 20111215-1-kiy-ap-framedwordlist1	 128 	 ya:5:52:50:2	 291.590 	 291.743 	 153.513
 20111215-1-kiy-ap-framedwordlist1	 130 	 krU:2:52:50:2	 291.844 	 292.168 	 323.752
 20111215-1-kiy-ap-framedwordlist1	 132 	 fa:2:21:19:1	 299.316 	 299.537 	 221.008
 20111215-1-kiy-ap-framedwordlist1	 134 	 fa:1:21:19:1	 299.606 	 300.008 	 401.899
 20111215-1-kiy-ap-framedwordlist1	 136 	 fa:2:21:19:2	 300.628 	 300.842 	 214.051
 20111215-1-kiy-ap-framedwordlist1	 138 	 fa:1:21:19:2	 300.919 	 301.314 	 395.519
 20111215-1-kiy-ap-framedwordlist1	 140 	 fO:3:31:38:1	 309.373 	 309.570 	 196.891
 20111215-1-kiy-ap-framedwordlist1	 142 	 kru:1:31:38:1	 309.685 	 310.011 	 325.346
 20111215-1-kiy-ap-framedwordlist1	 144 	 fO:3:31:38:2	 310.695 	 310.884 	 188.305
 20111215-1-kiy-ap-framedwordlist1	 146 	 kru:1:31:38:2	 310.976 	 311.295 	 318.967
 20111215-1-kiy-ap-framedwordlist1	 148 	 ya:5:55:53:1	 316.867 	 317.003 	 135.709
 20111215-1-kiy-ap-framedwordlist1	 150 	 kwa:5:55:53:1	 317.070 	 317.414 	 344.484
 20111215-1-kiy-ap-framedwordlist1	 152 	 ya:5:55:53:2	 318.038 	 318.188 	 150.109
 20111215-1-kiy-ap-framedwordlist1	 154 	 kwa:5:55:53:2	 318.247 	 318.533 	 285.936
 20111215-1-kiy-ap-framedwordlist1	 156 	 fa:5:55:62:1	 324.122 	 324.303 	 180.739
 20111215-1-kiy-ap-framedwordlist1	 158 	 kwa:5:55:62:1	 324.358 	 324.693 	 334.915
 20111215-1-kiy-ap-framedwordlist1	 160 	 fa:5:55:62:2	 325.283 	 325.437 	 153.844
 20111215-1-kiy-ap-framedwordlist1	 162 	 kwa:5:55:62:2	 325.500 	 325.785 	 285.444
 20111215-1-kiy-ap-framedwordlist1	 164 	 ndE:1:13:16:1	 332.233 	 332.414 	 181.253
 20111215-1-kiy-ap-framedwordlist1	 166 	 fu:3:13:16:1	 332.515 	 332.865 	 349.269
 20111215-1-kiy-ap-framedwordlist1	 168 	 ndE:1:13:16:2	 333.476 	 333.648 	 171.920
 20111215-1-kiy-ap-framedwordlist1	 170 	 fu:3:13:16:2	 333.757 	 334.083 	 326.704
 20111215-1-kiy-ap-framedwordlist1	 172 	 ya:5:52:48:1	 339.425 	 339.585 	 159.546
 20111215-1-kiy-ap-framedwordlist1	 174 	 fO:2:52:48:1	 339.679 	 340.079 	 400.304
 20111215-1-kiy-ap-framedwordlist1	 176 	 ya:5:52:48:2	 340.900 	 341.047 	 147.545
 20111215-1-kiy-ap-framedwordlist1	 178 	 fO:2:52:48:2	 341.164 	 341.537 	 373.192
 20111215-1-kiy-ap-framedwordlist1	 180 	 fO:3:35:45:1	 347.782 	 347.941 	 159.278
 20111215-1-kiy-ap-framedwordlist1	 182 	 tu:5:35:45:1	 348.046 	 348.385 	 338.105
 20111215-1-kiy-ap-framedwordlist1	 184 	 fO:3:35:45:2	 349.170 	 349.324 	 154.118
 20111215-1-kiy-ap-framedwordlist1	 186 	 tu:5:35:45:2	 349.439 	 349.756 	 317.372
 20111215-1-kiy-ap-framedwordlist1	 188 	 fO:3:32:32:1	 356.783 	 356.960 	 176.447
 20111215-1-kiy-ap-framedwordlist1	 190 	 krU:2:32:32:1	 357.053 	 357.359 	 306.208
 20111215-1-kiy-ap-framedwordlist1	 192 	 fO:3:32:32:2	 358.120 	 358.282 	 162.616
 20111215-1-kiy-ap-framedwordlist1	 194 	 krU:2:32:32:2	 358.385 	 358.686 	 301.424
 20111215-1-kiy-ap-framedwordlist1	 196 	 fa:5:53:61:1	 366.210 	 366.464 	 254.487
 20111215-1-kiy-ap-framedwordlist1	 198 	 fu:3:53:61:1	 366.545 	 366.929 	 384.355
 20111215-1-kiy-ap-framedwordlist1	 200 	 fa:5:53:61:2	 367.496 	 367.716 	 219.888
 20111215-1-kiy-ap-framedwordlist1	 202 	 fu:3:53:61:2	 367.804 	 368.177 	 373.192
 20111215-1-kiy-ap-framedwordlist1	 204 	 fO:3:32:30:1	 374.491 	 374.681 	 190.201
 20111215-1-kiy-ap-framedwordlist1	 206 	 fO:2:32:30:1	 374.762 	 375.180 	 417.847
 20111215-1-kiy-ap-framedwordlist1	 208 	 fO:3:32:30:2	 375.695 	 375.867 	 172.165
 20111215-1-kiy-ap-framedwordlist1	 210 	 fO:2:32:30:2	 375.948 	 376.334 	 385.950
 20111215-1-kiy-ap-framedwordlist1	 212 	 kE:1:11:2:1	 382.096 	 382.265 	 168.911
 20111215-1-kiy-ap-framedwordlist1	 214 	 kru:1:11:2:1	 382.376 	 382.743 	 366.812
 20111215-1-kiy-ap-framedwordlist1	 216 	 kE:1:11:2:2	 383.348 	 383.512 	 164.026
 20111215-1-kiy-ap-framedwordlist1	 218 	 kru:1:11:2:2	 383.595 	 383.976 	 381.661
 20111215-1-kiy-ap-framedwordlist1	 220 	 fO:3:32:39:1	 391.962 	 392.120 	 158.764
 20111215-1-kiy-ap-framedwordlist1	 222 	 fO:2:32:39:1	 392.199 	 392.590 	 390.735
 20111215-1-kiy-ap-framedwordlist1	 224 	 fO:3:32:39:2	 393.136 	 393.281 	 144.678
 20111215-1-kiy-ap-framedwordlist1	 226 	 fO:2:32:39:2	 393.367 	 393.739 	 371.565
 20111215-1-kiy-ap-framedwordlist1	 228 	 fa:2:25:27:1	 400.286 	 400.452 	 165.989
 20111215-1-kiy-ap-framedwordlist1	 230 	 tu:5:25:27:1	 400.549 	 400.889 	 339.700
 20111215-1-kiy-ap-framedwordlist1	 232 	 fa:2:25:27:2	 401.499 	 401.687 	 187.501
 20111215-1-kiy-ap-framedwordlist1	 234 	 tu:5:25:27:2	 401.786 	 402.103 	 317.372
 20111215-1-kiy-ap-framedwordlist1	 236 	 kE:1:13:6:1	 408.785 	 408.918 	 133.226
 20111215-1-kiy-ap-framedwordlist1	 238 	 fa:3:13:6:1	 408.988 	 409.449 	 460.907
 20111215-1-kiy-ap-framedwordlist1	 240 	 kE:1:13:6:2	 410.021 	 410.180 	 159.688
 20111215-1-kiy-ap-framedwordlist1	 242 	 fa:3:13:6:2	 410.243 	 410.696 	 452.933
 20111215-1-kiy-ap-framedwordlist1	 244 	 fO:3:33:33:1	 417.223 	 417.393 	 169.864
 20111215-1-kiy-ap-framedwordlist1	 246 	 fa:3:33:33:1	 417.455 	 417.896 	 441.769
 20111215-1-kiy-ap-framedwordlist1	 248 	 fO:3:33:33:2	 418.511 	 418.658 	 147.213
 20111215-1-kiy-ap-framedwordlist1	 250 	 fa:3:33:33:2	 418.724 	 419.170 	 445.981
 20111215-1-kiy-ap-framedwordlist1	 252 	 kE:1:12:3:1	 425.307 	 425.494 	 186.326
 20111215-1-kiy-ap-framedwordlist1	 254 	 fO:2:12:3:1	 425.551 	 425.960 	 408.278
 20111215-1-kiy-ap-framedwordlist1	 256 	 kE:1:12:3:2	 426.584 	 426.772 	 187.761
 20111215-1-kiy-ap-framedwordlist1	 258 	 fO:2:12:3:2	 426.854 	 427.234 	 379.571
 20111215-1-kiy-ap-framedwordlist1	 261 	 fa:2:22:23:1	 446.708 	 446.911 	 203.495
 20111215-1-kiy-ap-framedwordlist1	 263 	 krU:2:22:23:1	 447.018 	 447.250 	 232.206
 20111215-1-kiy-ap-framedwordlist1	 265 	 fa:2:22:23:2	 447.927 	 448.137 	 210.056
 20111215-1-kiy-ap-framedwordlist1	 267 	 krU:2:22:23:2	 448.240 	 448.524 	 283.881
 20111215-1-kiy-ap-framedwordlist1	 269 	 fO:3:32:41:1	 456.159 	 456.345 	 185.395
 20111215-1-kiy-ap-framedwordlist1	 271 	 krU:2:32:41:1	 456.445 	 456.780 	 334.915
 20111215-1-kiy-ap-framedwordlist1	 273 	 fO:3:32:41:2	 457.610 	 457.784 	 173.366
 20111215-1-kiy-ap-framedwordlist1	 275 	 krU:2:32:41:2	 457.879 	 458.223 	 344.484
 20111215-1-kiy-ap-framedwordlist2	 26 	 ndE:1:11:11:1	 158.145 	 158.311 	 166.678
 20111215-1-kiy-ap-framedwordlist2	 28 	 kru:1:11:11:1	 158.407 	 158.747 	 339.495
 20111215-1-kiy-ap-framedwordlist2	 30 	 ndE:1:11:11:2	 159.435 	 159.619 	 184.316
 20111215-1-kiy-ap-framedwordlist2	 32 	 kru:1:11:11:2	 159.692 	 160.004 	 312.361
 20111215-1-kiy-ap-framedwordlist2	 34 	 fa:2:25:26:1	 166.327 	 166.491 	 163.710
 20111215-1-kiy-ap-framedwordlist2	 36 	 kwa:5:25:26:1	 166.556 	 166.941 	 385.364
 20111215-1-kiy-ap-framedwordlist2	 38 	 fa:2:25:26:2	 167.487 	 167.659 	 171.772
 20111215-1-kiy-ap-framedwordlist2	 40 	 kwa:5:25:26:2	 167.724 	 168.031 	 307.055
 20111215-1-kiy-ap-framedwordlist2	 42 	 kE:1:13:7:1	 179.080 	 179.264 	 183.827
 20111215-1-kiy-ap-framedwordlist2	 44 	 fu:3:13:7:1	 179.354 	 179.704 	 350.331
 20111215-1-kiy-ap-framedwordlist2	 46 	 kE:1:13:7:2	 180.387 	 180.557 	 169.229
 20111215-1-kiy-ap-framedwordlist2	 48 	 fu:3:13:7:2	 180.645 	 181.004 	 359.107
 20111215-1-kiy-ap-framedwordlist2	 50 	 fO:3:33:43:1	 186.848 	 187.049 	 200.845
 20111215-1-kiy-ap-framedwordlist2	 52 	 fu:3:33:43:1	 187.129 	 187.524 	 395.668
 20111215-1-kiy-ap-framedwordlist2	 54 	 fO:3:33:43:2	 188.046 	 188.204 	 158.579
 20111215-1-kiy-ap-framedwordlist2	 56 	 fu:3:33:43:2	 188.334 	 188.719 	 385.364
 20111215-1-kiy-ap-framedwordlist2	 58 	 fa:5:52:59:1	 195.828 	 196.029 	 200.893
 20111215-1-kiy-ap-framedwordlist2	 60 	 krU:2:52:59:1	 196.129 	 196.494 	 364.756
 20111215-1-kiy-ap-framedwordlist2	 62 	 fa:5:52:59:2	 196.967 	 197.177 	 209.559
 20111215-1-kiy-ap-framedwordlist2	 64 	 krU:2:52:59:2	 197.264 	 197.616 	 352.392
 20111215-1-kiy-ap-framedwordlist2	 66 	 ya:5:51:46:1	 202.928 	 203.095 	 166.925
 20111215-1-kiy-ap-framedwordlist2	 68 	 fa:1:51:46:1	 203.173 	 203.591 	 418.336
 20111215-1-kiy-ap-framedwordlist2	 70 	 ya:5:51:46:2	 204.239 	 204.405 	 165.857
 20111215-1-kiy-ap-framedwordlist2	 72 	 fa:1:51:46:2	 204.488 	 204.911 	 422.458
 20111215-1-kiy-ap-framedwordlist2	 74 	 kE:1:15:9:1	 210.331 	 210.510 	 179.027
 20111215-1-kiy-ap-framedwordlist2	 76 	 tu:5:15:9:1	 210.612 	 210.991 	 379.182
 20111215-1-kiy-ap-framedwordlist2	 78 	 kE:1:15:9:2	 211.533 	 211.727 	 193.532
 20111215-1-kiy-ap-framedwordlist2	 80 	 tu:5:15:9:2	 211.838 	 212.182 	 344.215
 20111215-1-kiy-ap-framedwordlist2	 82 	 fO:3:33:42:1	 218.003 	 218.158 	 154.433
 20111215-1-kiy-ap-framedwordlist2	 84 	 fa:3:33:42:1	 218.242 	 218.696 	 453.369
 20111215-1-kiy-ap-framedwordlist2	 86 	 fO:3:33:42:2	 219.244 	 219.399 	 155.458
 20111215-1-kiy-ap-framedwordlist2	 88 	 fa:3:33:42:2	 219.485 	 219.951 	 465.734
 20111215-1-kiy-ap-framedwordlist2	 90 	 fa:5:52:57:1	 226.150 	 226.358 	 208.286
 20111215-1-kiy-ap-framedwordlist2	 92 	 fO:2:52:57:1	 226.453 	 226.888 	 434.822
 20111215-1-kiy-ap-framedwordlist2	 94 	 fa:5:52:57:2	 227.348 	 227.580 	 231.670
 20111215-1-kiy-ap-framedwordlist2	 96 	 fO:2:52:57:2	 227.664 	 227.958 	 294.690
 20111215-1-kiy-ap-framedwordlist2	 98 	 ndE:1:15:17:1	 236.558 	 236.740 	 182.134
 20111215-1-kiy-ap-framedwordlist2	 100 	 kwa:5:15:17:1	 236.810 	 237.183 	 372.999
 20111215-1-kiy-ap-framedwordlist2	 102 	 ndE:1:15:17:2	 237.634 	 237.791 	 156.153
 20111215-1-kiy-ap-framedwordlist2	 104 	 kwa:5:15:17:2	 237.838 	 238.213 	 375.060
 20111215-1-kiy-ap-framedwordlist2	 106 	 ya:5:52:49:1	 244.747 	 244.904 	 157.338
 20111215-1-kiy-ap-framedwordlist2	 108 	 fo:2:52:49:1	 244.973 	 245.315 	 342.088
 20111215-1-kiy-ap-framedwordlist2	 110 	 ya:5:52:49:2	 246.499 	 246.613 	 113.533
 20111215-1-kiy-ap-framedwordlist2	 112 	 fo:2:52:49:2	 246.704 	 247.009 	 304.994
 20111215-1-kiy-ap-framedwordlist2	 114 	 fO:3:35:44:1	 252.849 	 253.029 	 180.563
 20111215-1-kiy-ap-framedwordlist2	 116 	 kwa:5:35:44:1	 253.086 	 253.448 	 362.695
 20111215-1-kiy-ap-framedwordlist2	 118 	 fO:3:35:44:2	 253.999 	 254.176 	 177.475
 20111215-1-kiy-ap-framedwordlist2	 120 	 kwa:5:35:44:2	 254.225 	 254.541 	 315.298
 20111215-1-kiy-ap-framedwordlist2	 122 	 ya:5:53:52:1	 259.543 	 259.685 	 141.607
 20111215-1-kiy-ap-framedwordlist2	 124 	 fu:3:53:52:1	 259.778 	 260.155 	 377.121
 20111215-1-kiy-ap-framedwordlist2	 126 	 ya:5:53:52:2	 260.561 	 260.704 	 142.698
 20111215-1-kiy-ap-framedwordlist2	 128 	 fu:3:53:52:2	 260.809 	 261.171 	 362.695
 20111215-1-kiy-ap-framedwordlist2	 130 	 kE:1:12:4:1	 266.036 	 266.183 	 146.842
 20111215-1-kiy-ap-framedwordlist2	 132 	 fo:2:12:4:1	 266.254 	 266.629 	 375.060
 20111215-1-kiy-ap-framedwordlist2	 134 	 kE:1:12:4:2	 267.260 	 267.427 	 167.461
 20111215-1-kiy-ap-framedwordlist2	 136 	 fo:2:12:4:2	 267.513 	 267.872 	 358.574
 20111215-1-kiy-ap-framedwordlist2	 138 	 kE:1:15:8:1	 273.214 	 273.375 	 161.444
 20111215-1-kiy-ap-framedwordlist2	 140 	 kwa:5:15:8:1	 273.430 	 273.807 	 377.121
 20111215-1-kiy-ap-framedwordlist2	 142 	 kE:1:15:8:2	 274.389 	 274.554 	 164.518
 20111215-1-kiy-ap-framedwordlist2	 144 	 kwa:5:15:8:2	 274.610 	 274.937 	 327.662
 20111215-1-kiy-ap-framedwordlist2	 146 	 kE:1:12:5:1	 279.142 	 279.296 	 153.480
 20111215-1-kiy-ap-framedwordlist2	 148 	 krU:2:12:5:1	 279.387 	 279.707 	 319.419
 20111215-1-kiy-ap-framedwordlist2	 152 	 kE:1:12:5:2	 280.497 	 280.819 	 321.480
 20111215-1-kiy-ap-framedwordlist2	 154 	 krU:2:12:5:2	 291.754 	 291.931 	 177.253
 20111215-1-kiy-ap-framedwordlist2	 156 	 ndE:1:11:10:1	 292.005 	 292.360 	 354.452
 20111215-1-kiy-ap-framedwordlist2	 158 	 fa:1:11:10:1	 292.944 	 293.114 	 169.801
 20111215-1-kiy-ap-framedwordlist2	 160 	 ndE:1:11:10:2	 293.199 	 293.609 	 410.093
 20111215-1-kiy-ap-framedwordlist2	 162 	 fa:1:11:10:2	 300.460 	 300.670 	 210.151
 20111215-1-kiy-ap-framedwordlist2	 164 	 fa:5:52:58:1	 300.755 	 301.097 	 342.088
 20111215-1-kiy-ap-framedwordlist2	 166 	 fo:2:52:58:1	 301.543 	 301.733 	 190.183
 20111215-1-kiy-ap-framedwordlist2	 168 	 fa:5:52:58:2	 301.829 	 302.111 	 282.325
 20111215-1-kiy-ap-framedwordlist2	 172 	 fo:2:52:58:2	 312.961 	 313.180 	 218.307
 20111215-1-kiy-ap-framedwordlist2	 174 	 fa:2:23:24:1	 313.285 	 313.695 	 410.093
 20111215-1-kiy-ap-framedwordlist2	 176 	 fa:3:23:24:1	 314.323 	 314.517 	 193.894
 20111215-1-kiy-ap-framedwordlist2	 178 	 fa:2:23:24:2	 314.589 	 314.947 	 358.574
 20111215-1-kiy-ap-framedwordlist2	 180 	 fa:3:23:24:2	 323.261 	 323.455 	 193.779
 20111215-1-kiy-ap-framedwordlist2	 182 	 ndE:1:12:13:1	 323.537 	 323.886 	 348.270
 20111215-1-kiy-ap-framedwordlist2	 184 	 fo:2:12:13:1	 324.438 	 324.606 	 167.494
 20111215-1-kiy-ap-framedwordlist2	 186 	 ndE:1:12:13:2	 324.698 	 325.032 	 333.845
 20111215-1-kiy-ap-framedwordlist2	 188 	 fo:2:12:13:2	 330.711 	 330.927 	 215.892
 20111215-1-kiy-ap-framedwordlist2	 190 	 fa:5:53:60:1	 331.012 	 331.403 	 391.546
 20111215-1-kiy-ap-framedwordlist2	 192 	 fa:3:53:60:1	 332.074 	 332.265 	 190.609
 20111215-1-kiy-ap-framedwordlist2	 194 	 fa:5:53:60:2	 332.357 	 332.713 	 356.513
 20111215-1-kiy-ap-framedwordlist2	 196 	 fa:3:53:60:2	 339.171 	 339.346 	 174.988
 20111215-1-kiy-ap-framedwordlist2	 198 	 ndE:1:15:18:1	 339.443 	 339.787 	 344.149
 20111215-1-kiy-ap-framedwordlist2	 200 	 tu:5:15:18:1	 340.484 	 340.653 	 168.777
 20111215-1-kiy-ap-framedwordlist2	 202 	 ndE:1:15:18:2	 340.760 	 341.047 	 286.447
 20111215-1-kiy-ap-framedwordlist2	 204 	 tu:5:15:18:2	 346.432 	 346.611 	 179.446
 20111215-1-kiy-ap-framedwordlist2	 206 	 kE:1:11:1:1	 346.683 	 347.126 	 443.065
 20111215-1-kiy-ap-framedwordlist2	 208 	 fa:1:11:1:1	 347.620 	 347.782 	 162.786
 20111215-1-kiy-ap-framedwordlist2	 210 	 kE:1:11:1:2	 347.861 	 348.287 	 426.579
 20111215-1-kiy-ap-framedwordlist2	 214 	 fa:1:11:1:2	 354.365 	 354.505 	 139.842
 20111215-1-kiy-ap-framedwordlist2	 216 	 fO:3:33:34:1	 354.596 	 355.002 	 405.972
 20111215-1-kiy-ap-framedwordlist2	 218 	 fu:3:33:34:1	 355.567 	 355.748 	 180.505
 20111215-1-kiy-ap-framedwordlist2	 220 	 fO:3:33:34:2	 355.837 	 356.163 	 325.602
 20111215-1-kiy-ap-framedwordlist2	 222 	 fu:3:33:34:2	 360.732 	 360.887 	 154.776
 20111215-1-kiy-ap-framedwordlist2	 224 	 ya:5:51:47:1	 360.957 	 361.350 	 393.607
 20111215-1-kiy-ap-framedwordlist2	 226 	 kru:1:51:47:1	 361.992 	 362.129 	 136.406
 20111215-1-kiy-ap-framedwordlist2	 228 	 ya:5:51:47:2	 362.244 	 362.570 	 325.602
 20111215-1-kiy-ap-framedwordlist2	 230 	 kru:1:51:47:2	 368.901 	 369.099 	 198.211
 20111215-1-kiy-ap-framedwordlist2	 232 	 fa:2:23:25:1	 369.179 	 369.618 	 438.944
 20111215-1-kiy-ap-framedwordlist2	 234 	 fu:3:23:25:1	 370.097 	 370.259 	 161.264
 20111215-1-kiy-ap-framedwordlist2	 236 	 fa:2:23:25:2	 370.361 	 370.757 	 395.668
 20111215-1-kiy-ap-framedwordlist2	 238 	 fu:3:23:25:2	 377.082 	 377.260 	 177.886
 20111215-1-kiy-ap-framedwordlist2	 240 	 fO:3:32:31:1	 377.338 	 377.717 	 379.182
 20111215-1-kiy-ap-framedwordlist2	 242 	 fo:2:32:31:1	 378.259 	 378.444 	 184.965
 20111215-1-kiy-ap-framedwordlist2	 244 	 fO:3:32:31:2	 378.521 	 378.890 	 368.878
 20111215-1-kiy-ap-framedwordlist2	 246 	 fo:2:32:31:2	 385.422 	 385.568 	 145.280
 20111215-1-kiy-ap-framedwordlist2	 248 	 fO:3:32:40:1	 385.649 	 386.080 	 430.701
 20111215-1-kiy-ap-framedwordlist2	 250 	 fo:2:32:40:1	 386.733 	 386.894 	 161.261
 20111215-1-kiy-ap-framedwordlist2	 252 	 fO:3:32:40:2	 386.997 	 387.345 	 348.270
 20111215-1-kiy-ap-framedwordlist2	 254 	 fo:2:32:40:2	 392.363 	 392.508 	 145.398
 20111215-1-kiy-ap-framedwordlist2	 256 	 ya:5:55:54:1	 392.620 	 392.919 	 298.812
 20111215-1-kiy-ap-framedwordlist2	 258 	 tu:5:55:54:1	 393.486 	 393.633 	 147.482
 20111215-1-kiy-ap-framedwordlist2	 260 	 ya:5:55:54:2	 393.743 	 394.022 	 278.204
 20111215-1-kiy-ap-framedwordlist2	 262 	 tu:5:55:54:2	 398.789 	 398.956 	 167.987
 20111215-1-kiy-ap-framedwordlist2	 264 	 fO:3:35:35:1	 399.013 	 399.398 	 385.364
 20111215-1-kiy-ap-framedwordlist2	 266 	 kwa:5:35:35:1	 400.074 	 400.286 	 211.555
 20111215-1-kiy-ap-framedwordlist2	 268 	 fO:3:35:35:2	 400.354 	 400.672 	 317.359
 20111215-1-kiy-ap-framedwordlist2	 270 	 kwa:5:35:35:2	 406.888 	 407.015 	 126.617
 20111215-1-kiy-ap-framedwordlist2	 272 	 fO:3:31:37:1	 407.131 	 407.556 	 424.519
 20111215-1-kiy-ap-framedwordlist2	 274 	 fa:1:31:37:1	 408.288 	 408.419 	 131.436
 20111215-1-kiy-ap-framedwordlist2	 276 	 fO:3:31:37:2	 408.547 	 408.982 	 434.822
