Filename	no.	label	f0.1	f0.2	f0.3	f0.4	f0.5	f0.6	f0.7	f0.8	f0.9
20111215-1-kiy-ap-framedwordlist1	 12 	 fa:2:21:20:1 	NA	 134.673 	 134.153 	 136.241 	 137.949 	 147.522 	 159.867 	 169.866 	 149.760 
20111215-1-kiy-ap-framedwordlist1	 13 	 kru:1:21:20:1 	NA	 165.541 	 158.444 	 150.504 	 144.523 	 139.216 	 126.270 	 120.340 	NA
20111215-1-kiy-ap-framedwordlist1	 15 	 fa:2:21:20:2 	 135.316 	 125.542 	 121.740 	 123.174 	 128.092 	 140.594 	 150.185 	 157.444 	 143.225 
20111215-1-kiy-ap-framedwordlist1	 16 	 kru:1:21:20:2 	 154.885 	 155.870 	 151.445 	 144.783 	 139.612 	 136.197 	 128.629 	 116.243 	NA
20111215-1-kiy-ap-framedwordlist1	 18 	 fa:5:51:56:1 	 147.026 	 151.229 	 155.423 	 157.324 	 163.695 	 171.379 	 180.648 	 187.507 	 180.399 
20111215-1-kiy-ap-framedwordlist1	 20 	 kru:1:51:56:1 	 156.514 	 151.470 	 145.997 	 142.575 	 136.810 	 132.132 	 125.002 	 118.665 	NA
20111215-1-kiy-ap-framedwordlist1	 22 	 fa:5:51:56:2 	 142.749 	 146.169 	 150.327 	 155.033 	 161.732 	 168.120 	 174.686 	 173.978 	NA
20111215-1-kiy-ap-framedwordlist1	 24 	 kru:1:51:56:2 	 157.224 	 152.042 	 147.815 	 143.262 	 137.778 	 127.840 	 123.954 	 118.514 	NA
20111215-1-kiy-ap-framedwordlist1	 34 	 fa:2:22:21:1 	 137.882 	 136.405 	 137.091 	 139.242 	 142.105 	 150.224 	 165.801 	 177.451 	 153.160 
20111215-1-kiy-ap-framedwordlist1	 36 	 fO:2:22:21:1 	 140.668 	 138.337 	 138.989 	 139.819 	 144.201 	 149.015 	 158.840 	 166.912 	 171.450 
20111215-1-kiy-ap-framedwordlist1	 38 	 fa:2:22:21:2 	 140.305 	 137.773 	 137.603 	 140.018 	 144.889 	 154.098 	 168.764 	 175.659 	 156.597 
20111215-1-kiy-ap-framedwordlist1	 40 	 fO:2:22:21:2 	 138.930 	 137.124 	 135.972 	 139.370 	 143.005 	 147.452 	 155.902 	 167.589 	 173.054 
20111215-1-kiy-ap-framedwordlist1	 42 	 fO:3:31:28:1 	 195.583 	 200.360 	 203.095 	 201.305 	 194.023 	 185.739 	 176.874 	 164.980 	 145.616 
20111215-1-kiy-ap-framedwordlist1	 44 	 fa:1:31:28:1 	 157.671 	 155.291 	 151.277 	 146.733 	 142.918 	 136.975 	 131.127 	 124.481 	 121.030 
20111215-1-kiy-ap-framedwordlist1	 46 	 fO:3:31:28:2 	 187.730 	 187.924 	 186.235 	 185.254 	 181.860 	 173.631 	 163.951 	 151.995 	 139.979 
20111215-1-kiy-ap-framedwordlist1	 48 	 fa:1:31:28:2 	 148.656 	 149.660 	 149.949 	 146.579 	 142.213 	 138.501 	 135.031 	 129.082 	 124.312 
20111215-1-kiy-ap-framedwordlist1	 50 	 fa:2:22:22:1 	 141.648 	 136.537 	 136.832 	 139.250 	 143.042 	 149.322 	 160.420 	 170.926 	 160.351 
20111215-1-kiy-ap-framedwordlist1	 52 	 fo:2:22:22:1 	 145.320 	 143.962 	 148.296 	 155.186 	 159.589 	 164.008 	 176.230 	 189.863 	 196.104 
20111215-1-kiy-ap-framedwordlist1	 54 	 fa:2:22:22:2 	 142.157 	 140.981 	 140.916 	 142.627 	 148.203 	 156.719 	 167.365 	 174.702 	NA
20111215-1-kiy-ap-framedwordlist1	 56 	 fo:2:22:22:2 	 141.044 	 141.778 	 145.930 	 152.905 	 160.947 	 174.531 	 186.196 	 182.958 	NA
20111215-1-kiy-ap-framedwordlist1	 58 	 ndE:1:12:12:1 	 164.158 	 163.518 	 162.088 	 160.154 	 158.207 	 155.892 	 152.084 	 141.350 	 122.865 
20111215-1-kiy-ap-framedwordlist1	 60 	 fO:2:12:12:1 	 138.598 	 140.313 	 143.587 	 149.582 	 156.434 	 160.903 	 167.152 	 177.016 	 187.277 
20111215-1-kiy-ap-framedwordlist1	 62 	 ndE:1:12:12:2 	 162.210 	 163.730 	 162.743 	 161.855 	 160.802 	 156.660 	 152.423 	 143.872 	 126.452 
20111215-1-kiy-ap-framedwordlist1	 64 	 fO:2:12:12:2 	 138.117 	 139.293 	 141.655 	 150.194 	 155.999 	 163.936 	 174.629 	 181.119 	 185.746 
20111215-1-kiy-ap-framedwordlist1	 66 	 fa:5:55:63:1 	 152.706 	 157.321 	 162.720 	 166.993 	 170.730 	 170.356 	 170.114 	 171.079 	NA
20111215-1-kiy-ap-framedwordlist1	 68 	 tu:5:55:63:1 	 168.451 	 170.155 	 176.482 	 174.183 	 175.387 	 178.974 	 176.660 	 170.488 	 167.732 
20111215-1-kiy-ap-framedwordlist1	 70 	 fa:5:55:63:2 	 160.617 	 163.076 	 166.499 	 168.228 	 169.616 	 168.421 	 164.873 	 164.694 	 163.269 
20111215-1-kiy-ap-framedwordlist1	 72 	 tu:5:55:63:2 	 166.866 	 170.814 	 173.165 	 173.470 	 174.570 	 175.211 	 174.074 	 176.811 	NA
20111215-1-kiy-ap-framedwordlist1	 74 	 ndE:1:13:15:1 	 167.900 	 166.136 	 166.096 	 163.828 	 161.414 	 161.212 	 159.422 	 156.340 	 142.928 
20111215-1-kiy-ap-framedwordlist1	 76 	 fa:3:13:15:1 	 190.086 	 189.321 	 181.629 	 175.479 	 169.121 	 158.838 	 143.722 	 130.496 	 121.382 
20111215-1-kiy-ap-framedwordlist1	 78 	 ndE:1:13:15:2 	 158.066 	 158.702 	 159.015 	 158.416 	 157.966 	 156.647 	 154.857 	 151.622 	 143.390 
20111215-1-kiy-ap-framedwordlist1	 80 	 fa:3:13:15:2 	 179.554 	 186.088 	 178.816 	 167.123 	 157.475 	 147.599 	 135.950 	 130.705 	NA
20111215-1-kiy-ap-framedwordlist1	 82 	 fO:3:35:36:1 	 188.200 	 189.516 	 189.445 	 186.596 	 179.850 	 172.817 	 167.175 	 162.155 	 140.023 
20111215-1-kiy-ap-framedwordlist1	 84 	 tu:5:35:36:1 	 167.285 	 173.956 	 174.932 	 177.010 	 181.704 	 182.914 	 182.999 	 178.624 	 176.736 
20111215-1-kiy-ap-framedwordlist1	 86 	 fO:3:35:36:2 	 185.792 	 186.746 	 186.312 	 181.649 	 174.290 	 165.531 	 157.221 	 151.605 	 138.554 
20111215-1-kiy-ap-framedwordlist1	 88 	 tu:5:35:36:2 	 166.224 	 170.414 	 175.636 	 179.134 	 181.341 	 182.665 	 181.242 	 182.494 	 177.449 
20111215-1-kiy-ap-framedwordlist1	 90 	 ya:5:53:51:1 	 166.030 	 165.141 	 168.120 	 170.790 	 172.810 	 173.820 	 175.558 	 171.318 	 163.955 
20111215-1-kiy-ap-framedwordlist1	 92 	 fa:3:53:51:1 	 187.805 	 189.200 	 187.708 	 180.902 	 168.815 	 155.777 	 143.114 	 132.328 	 124.175 
20111215-1-kiy-ap-framedwordlist1	 94 	 ya:5:53:51:2 	 166.626 	 167.329 	 168.605 	 170.527 	 173.336 	 174.886 	 174.212 	 168.826 	 160.123 
20111215-1-kiy-ap-framedwordlist1	 96 	 fa:3:53:51:2 	 183.187 	 186.749 	 185.652 	 177.681 	 168.012 	 153.899 	 140.836 	 130.757 	 124.342 
20111215-1-kiy-ap-framedwordlist1	 100 	 ndE:1:12:14:1 	 168.530 	 168.665 	 169.063 	 166.747 	 163.915 	 159.549 	 153.762 	 146.202 	 129.621 
20111215-1-kiy-ap-framedwordlist1	 102 	 krU:2:12:14:1 	 147.900 	 153.304 	 160.938 	 169.596 	 181.577 	 189.477 	 201.450 	 203.297 	 212.266 
20111215-1-kiy-ap-framedwordlist1	 104 	 ndE:1:12:14:2 	 163.659 	 166.549 	 168.067 	 166.365 	 163.303 	 159.110 	 153.767 	 147.790 	 135.178 
20111215-1-kiy-ap-framedwordlist1	 106 	 krU:2:12:14:2 	 142.455 	 146.115 	 152.725 	 159.312 	 170.918 	 183.224 	 193.101 	 195.225 	 199.119 
20111215-1-kiy-ap-framedwordlist1	 108 	 fO:3:31:29:1 	 206.606 	 208.230 	 208.303 	 204.306 	 193.730 	 183.885 	 173.505 	 156.560 	 137.909 
20111215-1-kiy-ap-framedwordlist1	 110 	 kru:1:31:29:1 	 165.234 	 161.335 	 158.913 	 155.106 	 151.475 	 145.720 	 139.847 	 131.735 	 123.522 
20111215-1-kiy-ap-framedwordlist1	 112 	 fO:3:31:29:2 	 184.501 	 191.600 	 194.031 	 189.122 	 182.026 	 173.439 	 164.373 	 153.420 	 135.949 
20111215-1-kiy-ap-framedwordlist1	 114 	 kru:1:31:29:2 	 163.605 	 162.391 	 159.478 	 157.934 	 156.707 	 151.238 	 145.468 	 137.490 	 125.660 
20111215-1-kiy-ap-framedwordlist1	 116 	 fa:5:51:55:1 	 153.285 	 158.243 	 160.538 	 163.914 	 169.198 	 179.599 	 195.603 	 207.706 	 188.859 
20111215-1-kiy-ap-framedwordlist1	 118 	 fa:1:51:55:1 	 167.382 	 166.033 	 161.932 	 153.121 	 146.602 	 138.265 	 132.879 	 126.472 	 121.464 
20111215-1-kiy-ap-framedwordlist1	 120 	 fa:5:51:55:2 	 150.377 	 153.811 	 157.947 	 162.453 	 167.401 	 174.503 	 185.760 	 190.834 	 179.160 
20111215-1-kiy-ap-framedwordlist1	 122 	 fa:1:51:55:2 	 164.068 	 162.373 	 158.500 	 152.494 	 146.118 	 139.631 	 133.537 	 127.789 	 126.146 
20111215-1-kiy-ap-framedwordlist1	 124 	 ya:5:52:50:1 	 163.271 	 161.243 	 164.030 	 170.121 	 175.921 	 184.434 	 187.681 	 187.042 	 176.959 
20111215-1-kiy-ap-framedwordlist1	 126 	 krU:2:52:50:1 	 142.704 	 147.008 	 153.603 	 163.479 	 172.508 	 178.803 	 189.257 	 196.604 	 194.699 
20111215-1-kiy-ap-framedwordlist1	 128 	 ya:5:52:50:2 	 158.336 	 160.236 	 161.718 	 166.284 	 170.527 	 173.715 	 173.715 	 173.930 	NA
20111215-1-kiy-ap-framedwordlist1	 130 	 krU:2:52:50:2 	 138.885 	 141.611 	 146.673 	 154.947 	 166.386 	 176.576 	 188.090 	 198.922 	 192.505 
20111215-1-kiy-ap-framedwordlist1	 132 	 fa:2:21:19:1 	 136.672 	 136.851 	 138.326 	 140.910 	 149.015 	 164.978 	 181.773 	 188.385 	 164.096 
20111215-1-kiy-ap-framedwordlist1	 134 	 fa:1:21:19:1 	 177.201 	 177.365 	 172.238 	 164.452 	 159.933 	 150.697 	 138.241 	 133.274 	 126.464 
20111215-1-kiy-ap-framedwordlist1	 136 	 fa:2:21:19:2 	 129.127 	 128.460 	 131.138 	 135.246 	 144.329 	 156.695 	 172.177 	 182.146 	 173.176 
20111215-1-kiy-ap-framedwordlist1	 138 	 fa:1:21:19:2 	 170.617 	 171.962 	 169.359 	 165.545 	 160.083 	 152.672 	 139.845 	 131.707 	 123.518 
20111215-1-kiy-ap-framedwordlist1	 140 	 fO:3:31:38:1 	 215.932 	 216.598 	 218.014 	 213.974 	 203.100 	 192.357 	 179.835 	 166.692 	NA
20111215-1-kiy-ap-framedwordlist1	 142 	 kru:1:31:38:1 	 172.205 	 171.012 	 165.432 	 160.498 	 157.166 	 151.878 	 143.788 	 136.727 	 129.871 
20111215-1-kiy-ap-framedwordlist1	 144 	 fO:3:31:38:2 	 216.100 	 213.577 	 209.685 	 205.558 	 196.285 	 187.076 	 177.294 	 164.734 	 151.004 
20111215-1-kiy-ap-framedwordlist1	 146 	 kru:1:31:38:2 	 166.443 	 164.799 	 162.265 	 159.110 	 155.497 	 149.798 	 143.003 	 138.217 	 130.981 
20111215-1-kiy-ap-framedwordlist1	 148 	 ya:5:55:53:1 	 166.819 	 168.924 	 168.289 	 168.795 	 169.519 	 168.844 	 167.863 	 164.863 	 154.801 
20111215-1-kiy-ap-framedwordlist1	 150 	 kwa:5:55:53:1 	 163.846 	 166.540 	 167.423 	 168.628 	 171.440 	 172.139 	 171.707 	 169.673 	 188.541 
20111215-1-kiy-ap-framedwordlist1	 152 	 ya:5:55:53:2 	 164.016 	 164.531 	 162.145 	 162.555 	 163.834 	 163.220 	 161.865 	 158.206 	 142.809 
20111215-1-kiy-ap-framedwordlist1	 154 	 kwa:5:55:53:2 	 157.844 	 160.562 	 165.387 	 169.004 	 167.583 	 168.775 	 169.376 	 171.948 	 175.994 
20111215-1-kiy-ap-framedwordlist1	 156 	 fa:5:55:62:1 	 161.116 	 159.975 	 159.349 	 162.503 	 164.543 	 164.895 	 163.874 	 158.521 	NA
20111215-1-kiy-ap-framedwordlist1	 158 	 kwa:5:55:62:1 	 161.583 	 164.005 	 167.194 	 167.424 	 169.553 	 171.271 	 171.234 	 168.905 	 169.611 
20111215-1-kiy-ap-framedwordlist1	 160 	 fa:5:55:62:2 	 152.485 	 153.473 	 156.582 	 159.008 	 160.880 	 161.832 	 162.421 	 159.758 	NA
20111215-1-kiy-ap-framedwordlist1	 162 	 kwa:5:55:62:2 	 161.291 	 163.806 	 164.047 	 165.293 	 165.611 	 168.098 	 168.917 	 172.473 	 178.013 
20111215-1-kiy-ap-framedwordlist1	 164 	 ndE:1:13:16:1 	 159.732 	 157.724 	 159.394 	 159.440 	 157.169 	 155.861 	 153.367 	 146.943 	 129.422 
20111215-1-kiy-ap-framedwordlist1	 166 	 fu:3:13:16:1 	 199.666 	 203.144 	 198.332 	 188.366 	 175.362 	 164.315 	 147.998 	 134.065 	 127.148 
20111215-1-kiy-ap-framedwordlist1	 168 	 ndE:1:13:16:2 	 153.910 	 154.105 	 153.787 	 154.532 	 152.495 	 149.456 	 145.169 	 137.569 	 126.183 
20111215-1-kiy-ap-framedwordlist1	 170 	 fu:3:13:16:2 	 192.218 	 198.165 	 190.610 	 176.564 	 168.432 	 155.318 	 143.343 	 132.057 	NA
20111215-1-kiy-ap-framedwordlist1	 172 	 ya:5:52:48:1 	 167.921 	 168.271 	 166.194 	 170.012 	 179.250 	 191.812 	 198.221 	 195.575 	 181.927 
20111215-1-kiy-ap-framedwordlist1	 174 	 fO:2:52:48:1 	 141.448 	 141.954 	 143.007 	 149.000 	 153.276 	 159.717 	 168.276 	 169.751 	 169.410 
20111215-1-kiy-ap-framedwordlist1	 176 	 ya:5:52:48:2 	 161.123 	 162.005 	 165.134 	 173.372 	 184.702 	 192.962 	 197.221 	 193.045 	 181.013 
20111215-1-kiy-ap-framedwordlist1	 178 	 fO:2:52:48:2 	 139.012 	 140.733 	 142.431 	 148.660 	 156.279 	 161.512 	 166.743 	 174.682 	 177.016 
20111215-1-kiy-ap-framedwordlist1	 180 	 fO:3:35:45:1 	 192.653 	 193.329 	 194.895 	 192.168 	 187.869 	 179.080 	 170.818 	 164.861 	 158.441 
20111215-1-kiy-ap-framedwordlist1	 182 	 tu:5:35:45:1 	 166.393 	 169.451 	 173.285 	 177.620 	 176.069 	 180.407 	 187.923 	 186.767 	 183.603 
20111215-1-kiy-ap-framedwordlist1	 184 	 fO:3:35:45:2 	 191.597 	 189.333 	 185.435 	 181.279 	 175.544 	 169.044 	 162.090 	 156.389 	NA
20111215-1-kiy-ap-framedwordlist1	 186 	 tu:5:35:45:2 	 169.371 	 173.836 	 178.002 	 179.974 	 178.867 	 181.938 	 186.090 	 181.486 	NA
20111215-1-kiy-ap-framedwordlist1	 188 	 fO:3:32:32:1 	 194.188 	 196.806 	 198.636 	 198.201 	 192.646 	 184.975 	 173.495 	 155.599 	NA
20111215-1-kiy-ap-framedwordlist1	 190 	 krU:2:32:32:1 	 145.188 	 144.705 	 150.011 	 155.489 	 161.679 	 167.928 	 175.216 	 176.965 	 172.826 
20111215-1-kiy-ap-framedwordlist1	 192 	 fO:3:32:32:2 	 183.062 	 184.893 	 188.683 	 190.201 	 188.760 	 184.846 	 177.287 	 165.234 	 146.619 
20111215-1-kiy-ap-framedwordlist1	 194 	 krU:2:32:32:2 	 142.038 	 145.147 	 149.681 	 157.832 	 165.208 	 171.446 	 176.201 	 177.893 	 175.573 
20111215-1-kiy-ap-framedwordlist1	 196 	 fa:5:53:61:1 	 156.842 	 163.543 	 166.802 	 167.341 	 170.443 	 170.131 	 171.434 	 168.921 	 159.963 
20111215-1-kiy-ap-framedwordlist1	 198 	 fu:3:53:61:1 	 192.516 	 193.315 	 188.546 	 180.821 	 168.791 	 156.249 	 145.016 	 133.423 	 124.616 
20111215-1-kiy-ap-framedwordlist1	 200 	 fa:5:53:61:2 	 149.173 	 151.695 	 156.224 	 160.733 	 164.885 	 169.099 	 172.485 	 173.048 	 156.165 
20111215-1-kiy-ap-framedwordlist1	 202 	 fu:3:53:61:2 	 186.962 	 189.682 	 183.687 	 180.647 	 169.928 	 157.496 	 146.196 	 132.457 	 129.660 
20111215-1-kiy-ap-framedwordlist1	 204 	 fO:3:32:30:1 	 181.722 	 183.496 	 184.060 	 185.456 	 183.350 	 177.858 	 169.696 	 158.466 	 145.721 
20111215-1-kiy-ap-framedwordlist1	 206 	 fO:2:32:30:1 	 136.674 	 142.992 	 149.305 	 156.886 	 163.376 	 170.420 	 174.046 	 182.528 	 194.106 
20111215-1-kiy-ap-framedwordlist1	 208 	 fO:3:32:30:2 	 180.869 	 182.626 	 186.043 	 187.636 	 183.197 	 174.571 	 165.654 	 155.114 	 142.192 
20111215-1-kiy-ap-framedwordlist1	 210 	 fO:2:32:30:2 	 142.734 	 147.860 	 151.675 	 156.137 	 161.791 	 166.686 	 170.999 	 181.403 	 184.127 
20111215-1-kiy-ap-framedwordlist1	 212 	 kE:1:11:2:1 	 196.818 	 205.863 	 207.957 	 203.915 	 194.486 	 187.055 	 178.539 	 167.566 	 143.604 
20111215-1-kiy-ap-framedwordlist1	 214 	 kru:1:11:2:1 	 172.569 	 170.859 	 167.341 	 162.782 	 156.306 	 150.512 	 144.006 	 137.313 	 126.184 
20111215-1-kiy-ap-framedwordlist1	 216 	 kE:1:11:2:2 	 191.545 	 194.979 	 197.064 	 193.693 	 190.261 	 184.966 	 176.805 	 166.355 	NA
20111215-1-kiy-ap-framedwordlist1	 218 	 kru:1:11:2:2 	 171.045 	 169.547 	 168.944 	 163.506 	 157.903 	 153.575 	 145.924 	 137.094 	 132.887 
20111215-1-kiy-ap-framedwordlist1	 220 	 fO:3:32:39:1 	 197.818 	 197.463 	 196.006 	 193.035 	 187.527 	 178.456 	 166.181 	 155.504 	 141.995 
20111215-1-kiy-ap-framedwordlist1	 222 	 fO:2:32:39:1 	 143.463 	 149.139 	 150.488 	 155.140 	 159.440 	 167.611 	 175.138 	 181.537 	 190.574 
20111215-1-kiy-ap-framedwordlist1	 224 	 fO:3:32:39:2 	 183.585 	 184.514 	 187.083 	 187.565 	 183.291 	 174.787 	 165.869 	 155.866 	 147.513 
20111215-1-kiy-ap-framedwordlist1	 226 	 fO:2:32:39:2 	 139.316 	 140.788 	 142.720 	 147.237 	 150.187 	 157.281 	 162.839 	 173.267 	 185.813 
20111215-1-kiy-ap-framedwordlist1	 228 	 fa:2:25:27:1 	 141.069 	 140.184 	 139.166 	 139.474 	 141.068 	 144.732 	 149.336 	 151.918 	 147.663 
20111215-1-kiy-ap-framedwordlist1	 230 	 tu:5:25:27:1 	 168.985 	 172.815 	 176.266 	 179.080 	 181.881 	 182.341 	 182.341 	 184.305 	 185.068 
20111215-1-kiy-ap-framedwordlist1	 232 	 fa:2:25:27:2 	 139.994 	 138.610 	 137.618 	 139.012 	 141.669 	 143.866 	 147.400 	 149.472 	 143.076 
20111215-1-kiy-ap-framedwordlist1	 234 	 tu:5:25:27:2 	 165.654 	 169.784 	 173.551 	 177.917 	 181.486 	 182.697 	 184.794 	 188.044 	 182.413 
20111215-1-kiy-ap-framedwordlist1	 236 	 kE:1:13:6:1 	 185.918 	 188.653 	 190.073 	 189.186 	 187.815 	 185.109 	 179.942 	 172.178 	 157.449 
20111215-1-kiy-ap-framedwordlist1	 238 	 fa:3:13:6:1 	 181.697 	 180.923 	 174.173 	 167.433 	 156.485 	 145.890 	 135.407 	 125.519 	 123.486 
20111215-1-kiy-ap-framedwordlist1	 240 	 kE:1:13:6:2 	 181.101 	 183.137 	 181.650 	 178.960 	 175.413 	 170.154 	 165.294 	 158.705 	 142.987 
20111215-1-kiy-ap-framedwordlist1	 242 	 fa:3:13:6:2 	 171.575 	 173.229 	 171.660 	 166.641 	 159.555 	 151.281 	 140.469 	 132.825 	 125.496 
20111215-1-kiy-ap-framedwordlist1	 244 	 fO:3:33:33:1 	 178.347 	 179.858 	 180.690 	 182.991 	 181.347 	 176.331 	 172.045 	 161.908 	 144.154 
20111215-1-kiy-ap-framedwordlist1	 246 	 fa:3:33:33:1 	 179.748 	 177.741 	 174.046 	 167.270 	 157.886 	 146.267 	 136.572 	 126.404 	 122.903 
20111215-1-kiy-ap-framedwordlist1	 248 	 fO:3:33:33:2 	 174.489 	 175.786 	 177.485 	 177.948 	 176.593 	 173.103 	 166.897 	 157.897 	 144.072 
20111215-1-kiy-ap-framedwordlist1	 250 	 fa:3:33:33:2 	 173.819 	 177.406 	 170.711 	 163.481 	 155.706 	 142.932 	 132.197 	 123.613 	 123.959 
20111215-1-kiy-ap-framedwordlist1	 252 	 kE:1:12:3:1 	 201.363 	 205.098 	 204.866 	 200.236 	 191.604 	 180.306 	 169.618 	 156.440 	 135.453 
20111215-1-kiy-ap-framedwordlist1	 254 	 fO:2:12:3:1 	 136.984 	 137.936 	 141.249 	 146.019 	 153.590 	 156.616 	 161.762 	 169.634 	 169.194 
20111215-1-kiy-ap-framedwordlist1	 256 	 kE:1:12:3:2 	 191.752 	 195.948 	 196.731 	 196.033 	 191.361 	 183.109 	 172.271 	 157.114 	 145.020 
20111215-1-kiy-ap-framedwordlist1	 258 	 fO:2:12:3:2 	 139.144 	 143.201 	 143.839 	 143.927 	 149.931 	 154.333 	 159.801 	 161.264 	 172.705 
20111215-1-kiy-ap-framedwordlist1	 261 	 fa:2:22:23:1 	 142.902 	 140.262 	 137.637 	 139.121 	 149.948 	 165.493 	 181.072 	 190.187 	NA
20111215-1-kiy-ap-framedwordlist1	 263 	 krU:2:22:23:1 	 154.029 	 152.890 	 156.384 	 163.747 	 174.102 	 186.464 	 195.707 	 197.351 	 198.977 
20111215-1-kiy-ap-framedwordlist1	 265 	 fa:2:22:23:2 	 135.918 	 134.132 	 135.981 	 140.857 	 144.972 	 155.349 	 165.772 	 169.456 	NA
20111215-1-kiy-ap-framedwordlist1	 267 	 krU:2:22:23:2 	 145.891 	 147.114 	 148.465 	 154.310 	 164.097 	 177.823 	 187.486 	 190.683 	 180.740 
20111215-1-kiy-ap-framedwordlist1	 269 	 fO:3:32:41:1 	 189.798 	 190.189 	 192.178 	 189.973 	 183.888 	 176.863 	 168.509 	 155.759 	 139.757 
20111215-1-kiy-ap-framedwordlist1	 271 	 krU:2:32:41:1 	 143.937 	 149.205 	 155.100 	 160.912 	 169.874 	 178.846 	 190.215 	 194.905 	 189.845 
20111215-1-kiy-ap-framedwordlist1	 273 	 fO:3:32:41:2 	 193.223 	 194.211 	 193.896 	 191.469 	 186.139 	 177.767 	 168.107 	 148.167 	 136.544 
20111215-1-kiy-ap-framedwordlist1	 275 	 krU:2:32:41:2 	 145.175 	 145.852 	 151.182 	 161.032 	 171.612 	 179.679 	 187.445 	 190.933 	NA
20111215-1-kiy-ap-framedwordlist2	 26 	 ndE:1:11:11:1 	 173.985 	 172.753 	 172.835 	 172.295 	 169.849 	 167.235 	 165.560 	 162.117 	 145.850 
20111215-1-kiy-ap-framedwordlist2	 28 	 kru:1:11:11:1 	 179.175 	 174.689 	 169.801 	 164.817 	 157.134 	 150.222 	 139.507 	 129.543 	 123.675 
20111215-1-kiy-ap-framedwordlist2	 30 	 ndE:1:11:11:2 	 168.499 	 169.905 	 170.133 	 168.887 	 166.734 	 166.090 	 163.358 	 157.466 	 140.589 
20111215-1-kiy-ap-framedwordlist2	 32 	 kru:1:11:11:2 	 166.103 	 167.035 	 164.868 	 162.144 	 156.743 	 151.576 	 146.635 	 138.928 	 130.937 
20111215-1-kiy-ap-framedwordlist2	 34 	 fa:2:25:26:1 	 140.511 	 132.018 	 137.215 	 139.145 	 141.827 	 142.796 	 145.683 	 145.114 	NA
20111215-1-kiy-ap-framedwordlist2	 36 	 kwa:5:25:26:1 	 159.507 	 162.092 	 166.070 	 170.771 	 174.787 	 178.414 	 187.854 	 194.539 	NA
20111215-1-kiy-ap-framedwordlist2	 38 	 fa:2:25:26:2 	 126.105 	 128.182 	 130.593 	 134.825 	 139.472 	 142.251 	 145.432 	 144.951 	 133.477 
20111215-1-kiy-ap-framedwordlist2	 40 	 kwa:5:25:26:2 	 152.060 	 159.094 	 162.223 	 165.796 	 167.030 	 171.919 	 181.906 	 190.903 	 180.473 
20111215-1-kiy-ap-framedwordlist2	 42 	 kE:1:13:7:1 	 193.331 	 196.102 	 197.914 	 195.862 	 194.141 	 189.370 	 182.973 	 176.312 	 163.609 
20111215-1-kiy-ap-framedwordlist2	 44 	 fu:3:13:7:1 	 201.591 	 201.145 	 199.011 	 192.146 	 182.369 	 167.036 	 152.625 	 140.642 	 127.178 
20111215-1-kiy-ap-framedwordlist2	 46 	 kE:1:13:7:2 	 186.961 	 187.227 	 186.886 	 187.727 	 187.033 	 182.372 	 175.309 	 166.230 	 146.871 
20111215-1-kiy-ap-framedwordlist2	 48 	 fu:3:13:7:2 	 196.837 	 198.355 	 194.311 	 182.662 	 171.364 	 159.725 	 145.467 	 134.603 	 128.133 
20111215-1-kiy-ap-framedwordlist2	 50 	 fO:3:33:43:1 	 180.186 	 185.446 	 188.015 	 187.380 	 183.183 	 178.196 	 170.620 	 160.742 	 143.014 
20111215-1-kiy-ap-framedwordlist2	 52 	 fu:3:33:43:1 	 194.148 	 195.944 	 190.766 	 183.858 	 170.780 	 159.035 	 145.882 	 129.149 	NA
20111215-1-kiy-ap-framedwordlist2	 54 	 fO:3:33:43:2 	 182.882 	 183.369 	 184.248 	 185.949 	 186.422 	 183.277 	 176.880 	 166.224 	 148.469 
20111215-1-kiy-ap-framedwordlist2	 56 	 fu:3:33:43:2 	 193.294 	 193.182 	 186.227 	 177.793 	 168.165 	 152.205 	 139.464 	 130.952 	NA
20111215-1-kiy-ap-framedwordlist2	 58 	 fa:5:52:59:1 	 154.358 	 158.530 	 166.645 	 171.590 	 176.091 	 181.390 	 186.653 	 185.061 	 165.891 
20111215-1-kiy-ap-framedwordlist2	 60 	 krU:2:52:59:1 	 149.099 	 150.019 	 159.789 	 170.326 	 177.865 	 183.281 	 189.642 	 191.390 	 183.762 
20111215-1-kiy-ap-framedwordlist2	 62 	 fa:5:52:59:2 	 147.350 	 147.143 	 153.393 	 157.680 	 163.804 	 170.397 	 176.658 	 175.605 	 161.845 
20111215-1-kiy-ap-framedwordlist2	 64 	 krU:2:52:59:2 	 142.266 	 142.996 	 146.851 	 156.697 	 168.149 	 175.312 	 183.842 	 189.949 	 190.106 
20111215-1-kiy-ap-framedwordlist2	 66 	 ya:5:51:46:1 	 169.099 	 166.513 	 170.241 	 177.817 	 186.681 	 193.877 	 196.845 	 194.045 	 172.945 
20111215-1-kiy-ap-framedwordlist2	 68 	 fa:1:51:46:1 	 172.660 	 168.436 	 162.601 	 158.025 	 152.973 	 144.534 	 136.629 	 132.236 	 120.471 
20111215-1-kiy-ap-framedwordlist2	 70 	 ya:5:51:46:2 	 164.657 	 162.612 	 162.654 	 166.574 	 171.337 	 178.044 	 184.100 	 183.568 	 171.259 
20111215-1-kiy-ap-framedwordlist2	 72 	 fa:1:51:46:2 	 165.292 	 163.140 	 160.103 	 155.095 	 152.031 	 146.914 	 138.622 	 129.765 	NA
20111215-1-kiy-ap-framedwordlist2	 74 	 kE:1:15:9:1 	 192.537 	 192.643 	 190.017 	 184.104 	 175.940 	 170.528 	 163.377 	 156.547 	 123.433 
20111215-1-kiy-ap-framedwordlist2	 76 	 tu:5:15:9:1 	 167.417 	 170.601 	 179.142 	 181.667 	 187.664 	 194.132 	 201.143 	 206.639 	 208.821 
20111215-1-kiy-ap-framedwordlist2	 78 	 kE:1:15:9:2 	 180.280 	 181.235 	 178.808 	 174.700 	 168.755 	 163.062 	 156.619 	 152.895 	 139.784 
20111215-1-kiy-ap-framedwordlist2	 80 	 tu:5:15:9:2 	 165.490 	 169.468 	 173.927 	 181.421 	 185.444 	 192.194 	 196.987 	 203.235 	NA
20111215-1-kiy-ap-framedwordlist2	 82 	 fO:3:33:42:1 	 188.410 	 193.079 	 192.977 	 191.320 	 188.254 	 179.091 	 167.654 	 157.886 	 145.012 
20111215-1-kiy-ap-framedwordlist2	 84 	 fa:3:33:42:1 	 187.770 	 186.171 	 180.148 	 170.441 	 160.050 	 146.906 	 136.774 	 129.814 	 123.170 
20111215-1-kiy-ap-framedwordlist2	 86 	 fO:3:33:42:2 	 172.175 	 173.097 	 176.135 	 177.584 	 176.656 	 174.913 	 171.957 	 163.651 	 145.660 
20111215-1-kiy-ap-framedwordlist2	 88 	 fa:3:33:42:2 	 177.183 	 179.057 	 173.512 	 166.246 	 156.648 	 144.308 	 134.241 	NA	NA
20111215-1-kiy-ap-framedwordlist2	 90 	 fa:5:52:57:1 	 149.001 	 149.627 	 155.695 	 162.818 	 168.946 	 176.306 	 189.396 	 187.444 	 170.907 
20111215-1-kiy-ap-framedwordlist2	 92 	 fO:2:52:57:1 	 141.438 	 142.713 	 146.035 	 152.611 	 160.275 	 165.972 	 176.106 	 183.402 	 185.993 
20111215-1-kiy-ap-framedwordlist2	 94 	 fa:5:52:57:2 	 153.820 	 151.682 	 154.982 	 159.444 	 166.514 	 175.913 	 183.389 	 182.388 	 167.079 
20111215-1-kiy-ap-framedwordlist2	 96 	 fO:2:52:57:2 	 134.496 	 136.774 	 141.678 	 147.613 	 152.885 	 159.433 	 167.426 	 170.427 	 176.898 
20111215-1-kiy-ap-framedwordlist2	 98 	 ndE:1:15:17:1 	 167.906 	 166.524 	 165.567 	 165.012 	 165.028 	 162.505 	 159.024 	 153.869 	NA
20111215-1-kiy-ap-framedwordlist2	 100 	 kwa:5:15:17:1 	 156.691 	 161.306 	 164.449 	 169.265 	 172.800 	 176.271 	 185.989 	 191.461 	 186.190 
20111215-1-kiy-ap-framedwordlist2	 102 	 ndE:1:15:17:2 	 170.281 	 168.991 	 168.942 	 168.299 	 163.843 	 159.202 	 153.720 	 147.187 	 130.444 
20111215-1-kiy-ap-framedwordlist2	 104 	 kwa:5:15:17:2 	 153.988 	 161.761 	 169.075 	 172.667 	 180.260 	 182.682 	 189.057 	 199.082 	NA
20111215-1-kiy-ap-framedwordlist2	 106 	 ya:5:52:49:1 	 175.022 	 173.205 	 174.835 	 183.103 	 193.913 	 200.569 	 203.607 	 197.038 	 179.200 
20111215-1-kiy-ap-framedwordlist2	 108 	 fo:2:52:49:1 	 148.645 	 148.660 	 152.416 	 156.615 	 163.212 	 174.431 	 185.311 	 196.889 	 190.004 
20111215-1-kiy-ap-framedwordlist2	 110 	 ya:5:52:49:2 	 183.498 	 188.311 	 192.658 	 196.423 	 200.199 	 203.929 	 204.244 	 199.065 	 189.839 
20111215-1-kiy-ap-framedwordlist2	 112 	 fo:2:52:49:2 	 148.743 	 148.250 	 151.053 	 150.929 	 156.068 	 166.849 	 181.658 	 201.037 	NA
20111215-1-kiy-ap-framedwordlist2	 114 	 fO:3:35:44:1 	 176.817 	 180.549 	 182.553 	 180.020 	 173.514 	 166.477 	 159.436 	 148.162 	 131.767 
20111215-1-kiy-ap-framedwordlist2	 116 	 kwa:5:35:44:1 	 157.175 	 156.690 	 157.596 	 158.386 	 160.467 	 163.891 	 167.527 	 171.956 	 168.070 
20111215-1-kiy-ap-framedwordlist2	 118 	 fO:3:35:44:2 	 176.841 	 179.484 	 179.059 	 174.515 	 169.312 	 163.201 	 155.421 	 143.116 	 128.832 
20111215-1-kiy-ap-framedwordlist2	 120 	 kwa:5:35:44:2 	 146.269 	 148.429 	 151.741 	 156.109 	 158.916 	 163.485 	 163.988 	 165.147 	 175.924 
20111215-1-kiy-ap-framedwordlist2	 122 	 ya:5:53:52:1 	 170.796 	 172.389 	 171.818 	 175.289 	 179.360 	 182.830 	 185.449 	 183.195 	 175.510 
20111215-1-kiy-ap-framedwordlist2	 124 	 fu:3:53:52:1 	 199.777 	 198.705 	 193.450 	 187.727 	 174.209 	 160.723 	 145.870 	 132.106 	 117.158 
20111215-1-kiy-ap-framedwordlist2	 126 	 ya:5:53:52:2 	 164.461 	 165.883 	 162.960 	 163.450 	 165.344 	 166.796 	 167.190 	 165.105 	 161.262 
20111215-1-kiy-ap-framedwordlist2	 128 	 fu:3:53:52:2 	 196.706 	 201.446 	 189.535 	 178.208 	 167.271 	 155.265 	 142.183 	 132.393 	NA
20111215-1-kiy-ap-framedwordlist2	 130 	 kE:1:12:4:1 	 189.053 	 188.687 	 189.862 	 188.414 	 184.651 	 177.992 	 170.195 	 162.133 	 137.958 
20111215-1-kiy-ap-framedwordlist2	 132 	 fo:2:12:4:1 	 140.546 	 142.954 	 146.039 	 151.883 	 160.299 	 167.048 	 174.602 	 180.966 	 177.103 
20111215-1-kiy-ap-framedwordlist2	 134 	 kE:1:12:4:2 	 186.218 	 190.176 	 193.758 	 192.779 	 186.923 	 179.214 	 167.824 	 153.822 	 133.619 
20111215-1-kiy-ap-framedwordlist2	 136 	 fo:2:12:4:2 	 137.627 	 142.169 	 145.578 	 151.121 	 160.809 	 167.286 	 175.238 	 175.415 	 171.124 
20111215-1-kiy-ap-framedwordlist2	 138 	 kE:1:15:8:1 	 189.122 	 187.932 	 185.515 	 182.300 	 177.306 	 173.463 	 168.621 	 159.553 	 136.659 
20111215-1-kiy-ap-framedwordlist2	 140 	 kwa:5:15:8:1 	 158.340 	 159.946 	 165.037 	 167.929 	 170.395 	 175.211 	 177.315 	 186.854 	 178.929 
20111215-1-kiy-ap-framedwordlist2	 142 	 kE:1:15:8:2 	 178.312 	 182.880 	 185.541 	 182.741 	 177.951 	 170.871 	 162.763 	 153.576 	NA
20111215-1-kiy-ap-framedwordlist2	 144 	 kwa:5:15:8:2 	 152.004 	 155.982 	 158.905 	 163.331 	 168.690 	 174.462 	 175.953 	 179.066 	NA
20111215-1-kiy-ap-framedwordlist2	 146 	 kE:1:12:5:1 	 187.330 	 189.273 	 191.724 	 190.902 	 186.553 	 179.821 	 171.166 	 160.769 	 137.698 
20111215-1-kiy-ap-framedwordlist2	 148 	 krU:2:12:5:1 	 145.143 	 144.545 	 149.865 	 155.233 	 163.347 	 169.010 	 175.654 	 185.894 	 188.894 
20111215-1-kiy-ap-framedwordlist2	 152 	 kE:1:12:5:2 	 146.124 	 150.252 	 159.043 	 165.397 	 172.944 	 177.991 	 187.859 	 189.411 	NA
20111215-1-kiy-ap-framedwordlist2	 154 	 krU:2:12:5:2 	 179.524 	 177.316 	 175.466 	 174.849 	 174.944 	 173.215 	 170.676 	 163.897 	 142.387 
20111215-1-kiy-ap-framedwordlist2	 156 	 ndE:1:11:10:1 	 170.055 	 167.049 	 163.046 	 159.643 	 153.954 	 147.566 	 140.401 	 136.414 	 124.330 
20111215-1-kiy-ap-framedwordlist2	 158 	 fa:1:11:10:1 	 175.214 	 176.874 	 176.492 	 174.819 	 172.557 	 169.602 	 167.968 	 161.481 	 141.007 
20111215-1-kiy-ap-framedwordlist2	 160 	 ndE:1:11:10:2 	 160.380 	 163.411 	 160.665 	 156.091 	 150.872 	 140.665 	 135.074 	 127.447 	NA
20111215-1-kiy-ap-framedwordlist2	 162 	 fa:1:11:10:2 	 149.951 	 147.925 	 150.868 	 157.732 	 169.366 	 190.722 	 207.942 	 208.489 	 186.965 
20111215-1-kiy-ap-framedwordlist2	 164 	 fa:5:52:58:1 	 145.482 	 149.623 	 154.046 	 161.398 	 174.587 	 183.828 	 195.124 	 208.162 	 196.262 
20111215-1-kiy-ap-framedwordlist2	 166 	 fo:2:52:58:1 	 154.611 	 167.501 	 171.657 	 176.304 	 188.908 	 200.895 	 207.928 	 206.259 	 182.552 
20111215-1-kiy-ap-framedwordlist2	 168 	 fa:5:52:58:2 	 147.899 	 150.483 	 154.045 	 156.711 	 165.962 	 176.127 	 184.789 	 193.532 	 190.525 
20111215-1-kiy-ap-framedwordlist2	 172 	 fo:2:52:58:2 	 200.771 	 199.850 	 194.090 	 188.076 	 182.217 	 176.785 	 168.763 	 157.492 	 140.291 
20111215-1-kiy-ap-framedwordlist2	 174 	 fa:2:23:24:1 	 138.237 	 142.922 	 146.945 	 153.769 	 161.846 	 171.056 	 181.792 	 197.455 	 211.057 
20111215-1-kiy-ap-framedwordlist2	 176 	 fa:3:23:24:1 	 204.927 	 204.843 	 205.223 	 201.297 	 192.101 	 182.328 	 171.994 	 159.458 	 143.239 
20111215-1-kiy-ap-framedwordlist2	 178 	 fa:2:23:24:2 	 140.487 	 143.781 	 143.651 	 148.342 	 154.299 	 164.176 	 177.936 	 197.946 	NA
20111215-1-kiy-ap-framedwordlist2	 180 	 fa:3:23:24:2 	 181.358 	 178.728 	 181.526 	 178.882 	 176.346 	 175.002 	 171.126 	 160.094 	 139.077 
20111215-1-kiy-ap-framedwordlist2	 182 	 ndE:1:12:13:1 	 150.473 	 153.864 	 158.621 	 166.689 	 175.047 	 185.001 	 192.355 	 199.034 	NA
20111215-1-kiy-ap-framedwordlist2	 184 	 fo:2:12:13:1 	 178.706 	 178.257 	 178.659 	 179.219 	 175.236 	 169.643 	 164.816 	 155.069 	 145.338 
20111215-1-kiy-ap-framedwordlist2	 186 	 ndE:1:12:13:2 	 148.541 	 154.196 	 157.769 	 162.361 	 168.635 	 179.477 	 188.528 	 197.540 	NA
20111215-1-kiy-ap-framedwordlist2	 188 	 fo:2:12:13:2 	 161.653 	 166.943 	 174.378 	 177.183 	 184.907 	 194.196 	 204.954 	 207.412 	 185.803 
20111215-1-kiy-ap-framedwordlist2	 190 	 fa:5:53:60:1 	 152.440 	 150.527 	 148.304 	 153.043 	 159.221 	 167.314 	 175.565 	 183.015 	 197.436 
20111215-1-kiy-ap-framedwordlist2	 192 	 fa:3:53:60:1 	 161.479 	 160.054 	 166.268 	 173.168 	 182.678 	 205.100 	 209.530 	 204.886 	 189.595 
20111215-1-kiy-ap-framedwordlist2	 194 	 fa:5:53:60:2 	 143.076 	 147.082 	 146.844 	 151.749 	 154.861 	 162.786 	 172.964 	 190.395 	 203.922 
20111215-1-kiy-ap-framedwordlist2	 196 	 fa:3:53:60:2 	 171.984 	 171.013 	 172.202 	 170.777 	 167.459 	 164.825 	 161.590 	 158.644 	 149.739 
20111215-1-kiy-ap-framedwordlist2	 198 	 ndE:1:15:18:1 	 165.826 	 171.667 	 177.507 	 183.940 	 189.880 	 195.752 	 201.683 	 211.302 	 218.461 
20111215-1-kiy-ap-framedwordlist2	 200 	 tu:5:15:18:1 	 177.836 	 176.601 	 175.434 	 173.453 	 171.264 	 167.972 	 163.899 	 160.970 	 152.730 
20111215-1-kiy-ap-framedwordlist2	 202 	 ndE:1:15:18:2 	 172.845 	 177.490 	 180.244 	 183.568 	 188.678 	 192.980 	 203.971 	 211.358 	 214.866 
20111215-1-kiy-ap-framedwordlist2	 204 	 tu:5:15:18:2 	 214.966 	 226.873 	 228.251 	 215.725 	 202.763 	 193.753 	 185.405 	 176.497 	 159.942 
20111215-1-kiy-ap-framedwordlist2	 206 	 kE:1:11:1:1 	 173.084 	 173.657 	 170.913 	 167.190 	 161.010 	 155.805 	 149.365 	 142.395 	 138.521 
20111215-1-kiy-ap-framedwordlist2	 208 	 fa:1:11:1:1 	 203.750 	 208.828 	 210.855 	 208.786 	 199.682 	 190.091 	 182.511 	 173.409 	 160.112 
20111215-1-kiy-ap-framedwordlist2	 210 	 kE:1:11:1:2 	 169.538 	 171.785 	 168.735 	 163.482 	 157.800 	 152.004 	 144.021 	 138.825 	NA
20111215-1-kiy-ap-framedwordlist2	 214 	 fa:1:11:1:2 	 213.837 	 215.302 	 213.524 	 211.103 	 208.653 	 203.759 	 195.496 	 186.259 	 171.178 
20111215-1-kiy-ap-framedwordlist2	 216 	 fO:3:33:34:1 	 216.410 	 214.280 	 206.098 	 198.584 	 186.592 	 169.119 	 152.143 	 140.575 	NA
20111215-1-kiy-ap-framedwordlist2	 218 	 fu:3:33:34:1 	 188.336 	 195.235 	 196.607 	 196.951 	 195.096 	 189.104 	 181.063 	 171.968 	 154.295 
20111215-1-kiy-ap-framedwordlist2	 220 	 fO:3:33:34:2 	 205.117 	 206.686 	 199.772 	 189.607 	 180.008 	 169.120 	 155.313 	 141.955 	 135.541 
20111215-1-kiy-ap-framedwordlist2	 222 	 fu:3:33:34:2 	 161.279 	 163.878 	 162.917 	 167.889 	 172.682 	 178.956 	 184.194 	 179.898 	 165.496 
20111215-1-kiy-ap-framedwordlist2	 224 	 ya:5:51:47:1 	 170.962 	 167.087 	 160.009 	 154.450 	 147.021 	 139.914 	 132.020 	 127.735 	NA
20111215-1-kiy-ap-framedwordlist2	 226 	 kru:1:51:47:1 	 164.162 	 161.855 	 163.282 	 166.517 	 168.095 	 169.786 	 172.338 	 170.549 	 161.099 
20111215-1-kiy-ap-framedwordlist2	 228 	 ya:5:51:47:2 	 160.347 	 154.843 	 150.303 	 144.506 	 136.771 	 132.210 	 131.342 	 129.936 	NA
20111215-1-kiy-ap-framedwordlist2	 230 	 kru:1:51:47:2 	 132.526 	 133.684 	 137.133 	 141.038 	 145.944 	 150.888 	 156.198 	 156.743 	 143.857 
20111215-1-kiy-ap-framedwordlist2	 232 	 fa:2:23:25:1 	 187.583 	 193.929 	 191.139 	 184.539 	 172.829 	 157.361 	 141.900 	 130.985 	 126.198 
20111215-1-kiy-ap-framedwordlist2	 234 	 fu:3:23:25:1 	 138.745 	 136.845 	 136.129 	 137.893 	 139.816 	 140.230 	 143.699 	 145.215 	 139.924 
20111215-1-kiy-ap-framedwordlist2	 236 	 fa:2:23:25:2 	 187.651 	 188.033 	 179.170 	 171.265 	 158.196 	 144.101 	 135.541 	 132.762 	NA
20111215-1-kiy-ap-framedwordlist2	 238 	 fu:3:23:25:2 	 192.543 	 194.096 	 193.692 	 192.991 	 188.609 	 178.400 	 166.590 	 155.350 	 137.195 
20111215-1-kiy-ap-framedwordlist2	 240 	 fO:3:32:31:1 	 144.583 	 153.121 	 156.855 	 164.364 	 172.082 	 183.201 	 190.444 	 196.629 	 194.411 
20111215-1-kiy-ap-framedwordlist2	 242 	 fo:2:32:31:1 	 191.092 	 194.613 	 195.783 	 192.518 	 185.643 	 175.912 	 166.699 	 153.173 	 137.527 
20111215-1-kiy-ap-framedwordlist2	 244 	 fO:3:32:31:2 	 146.908 	 151.563 	 155.110 	 162.553 	 170.110 	 177.125 	 188.303 	 195.528 	 192.305 
20111215-1-kiy-ap-framedwordlist2	 246 	 fo:2:32:31:2 	 195.847 	 189.371 	 188.353 	 186.424 	 181.626 	 174.424 	 165.777 	 154.545 	 139.265 
20111215-1-kiy-ap-framedwordlist2	 248 	 fO:3:32:40:1 	 147.463 	 153.996 	 160.526 	 166.891 	 176.019 	 182.579 	 192.187 	 202.132 	 197.843 
20111215-1-kiy-ap-framedwordlist2	 250 	 fo:2:32:40:1 	 194.774 	 197.168 	 197.494 	 196.741 	 191.570 	 182.457 	 170.209 	 154.284 	 140.528 
20111215-1-kiy-ap-framedwordlist2	 252 	 fO:3:32:40:2 	 145.071 	 154.896 	 160.525 	 164.465 	 168.876 	 177.883 	 186.986 	 196.394 	 202.538 
20111215-1-kiy-ap-framedwordlist2	 254 	 fo:2:32:40:2 	 177.160 	 177.948 	 180.403 	 178.627 	 178.867 	 180.261 	 179.849 	 178.220 	 174.060 
20111215-1-kiy-ap-framedwordlist2	 256 	 ya:5:55:54:1 	 184.006 	 187.540 	 186.929 	 186.331 	 190.541 	 192.867 	 190.134 	 185.124 	 179.394 
20111215-1-kiy-ap-framedwordlist2	 258 	 tu:5:55:54:1 	 177.568 	 178.178 	 178.089 	 178.856 	 181.880 	 182.569 	 180.849 	 177.869 	 173.372 
20111215-1-kiy-ap-framedwordlist2	 260 	 ya:5:55:54:2 	 180.849 	 184.305 	 182.805 	 183.861 	 182.554 	 183.864 	 182.260 	 183.953 	 194.663 
20111215-1-kiy-ap-framedwordlist2	 262 	 tu:5:55:54:2 	 199.963 	 204.073 	 205.440 	 202.780 	 196.220 	 187.294 	 176.830 	 164.773 	NA
20111215-1-kiy-ap-framedwordlist2	 264 	 fO:3:35:35:1 	 163.674 	 169.214 	 177.153 	 180.572 	 185.276 	 188.501 	 193.794 	 205.223 	 198.248 
20111215-1-kiy-ap-framedwordlist2	 266 	 kwa:5:35:35:1 	 204.179 	 206.702 	 205.954 	 199.226 	 189.807 	 180.246 	 173.268 	 163.299 	 143.719 
20111215-1-kiy-ap-framedwordlist2	 268 	 fO:3:35:35:2 	 163.917 	 168.490 	 173.788 	 177.503 	 183.752 	 189.134 	 190.755 	 195.237 	 206.975 
20111215-1-kiy-ap-framedwordlist2	 270 	 kwa:5:35:35:2 	 197.415 	 195.649 	 194.152 	 192.039 	 189.065 	 183.463 	 172.885 	 165.094 	 148.349 
20111215-1-kiy-ap-framedwordlist2	 272 	 fO:3:31:37:1 	 167.640 	 165.910 	 162.202 	 159.723 	 150.936 	 145.472 	 136.550 	 130.016 	NA
20111215-1-kiy-ap-framedwordlist2	 274 	 fa:1:31:37:1 	 195.859 	 195.458 	 195.103 	 193.884 	 190.524 	 182.898 	 170.348 	 161.039 	 151.959 
20111215-1-kiy-ap-framedwordlist2	 276 	 fO:3:31:37:2 	 164.489 	 162.337 	 157.342 	 153.541 	 145.235 	 137.265 	 131.370 	NA	NA
