This is pdfTeX, Version 3.1415926-2.4-1.40.13 (TeX Live 2012) (format=pdflatex 2012.6.30)  19 JUN 2013 21:01
entering extended mode
 restricted \write18 enabled.
 %&-line parsing enabled.
**\input kiy.tex
(./kiy.tex (/usr/local/texlive/2012/texmf-dist/tex/latex/base/article.cls
Document Class: article 2007/10/19 v1.4h Standard LaTeX document class
(/usr/local/texlive/2012/texmf-dist/tex/latex/base/size12.clo
File: size12.clo 2007/10/19 v1.4h Standard LaTeX file (size option)
)
\c@part=\count79
\c@section=\count80
\c@subsection=\count81
\c@subsubsection=\count82
\c@paragraph=\count83
\c@subparagraph=\count84
\c@figure=\count85
\c@table=\count86
\abovecaptionskip=\skip41
\belowcaptionskip=\skip42
\bibindent=\dimen102
)
(/usr/local/texlive/2012/texmf-dist/tex/latex/geometry/geometry.sty
Package: geometry 2010/09/12 v5.6 Page Geometry

(/usr/local/texlive/2012/texmf-dist/tex/latex/graphics/keyval.sty
Package: keyval 1999/03/16 v1.13 key=value parser (DPC)
\KV@toks@=\toks14
)
(/usr/local/texlive/2012/texmf-dist/tex/generic/oberdiek/ifpdf.sty
Package: ifpdf 2011/01/30 v2.3 Provides the ifpdf switch (HO)
Package ifpdf Info: pdfTeX in PDF mode is detected.
)
(/usr/local/texlive/2012/texmf-dist/tex/generic/oberdiek/ifvtex.sty
Package: ifvtex 2010/03/01 v1.5 Detect VTeX and its facilities (HO)
Package ifvtex Info: VTeX not detected.
)
(/usr/local/texlive/2012/texmf-dist/tex/generic/ifxetex/ifxetex.sty
Package: ifxetex 2010/09/12 v0.6 Provides ifxetex conditional
)
\Gm@cnth=\count87
\Gm@cntv=\count88
\c@Gm@tempcnt=\count89
\Gm@bindingoffset=\dimen103
\Gm@wd@mp=\dimen104
\Gm@odd@mp=\dimen105
\Gm@even@mp=\dimen106
\Gm@layoutwidth=\dimen107
\Gm@layoutheight=\dimen108
\Gm@layouthoffset=\dimen109
\Gm@layoutvoffset=\dimen110
\Gm@dimlist=\toks15
)
(/usr/local/texlive/2012/texmf-dist/tex/latex/graphics/lscape.sty
Package: lscape 2000/10/22 v3.01 Landscape Pages (DPC)

(/usr/local/texlive/2012/texmf-dist/tex/latex/graphics/graphics.sty
Package: graphics 2009/02/05 v1.0o Standard LaTeX Graphics (DPC,SPQR)

(/usr/local/texlive/2012/texmf-dist/tex/latex/graphics/trig.sty
Package: trig 1999/03/16 v1.09 sin cos tan (DPC)
)
(/usr/local/texlive/2012/texmf-dist/tex/latex/latexconfig/graphics.cfg
File: graphics.cfg 2010/04/23 v1.9 graphics configuration of TeX Live
)
Package graphics Info: Driver file: pdftex.def on input line 91.

(/usr/local/texlive/2012/texmf-dist/tex/latex/pdftex-def/pdftex.def
File: pdftex.def 2011/05/27 v0.06d Graphics/color for pdfTeX

(/usr/local/texlive/2012/texmf-dist/tex/generic/oberdiek/infwarerr.sty
Package: infwarerr 2010/04/08 v1.3 Providing info/warning/error messages (HO)
)
(/usr/local/texlive/2012/texmf-dist/tex/generic/oberdiek/ltxcmds.sty
Package: ltxcmds 2011/11/09 v1.22 LaTeX kernel commands for general use (HO)
)
\Gread@gobject=\count90
)))
(/usr/local/texlive/2012/texmf-dist/tex/latex/rotating/rotating.sty
Package: rotating 2009/03/28 v2.16a rotated objects in LaTeX

(/usr/local/texlive/2012/texmf-dist/tex/latex/graphics/graphicx.sty
Package: graphicx 1999/02/16 v1.0f Enhanced LaTeX Graphics (DPC,SPQR)
\Gin@req@height=\dimen111
\Gin@req@width=\dimen112
)
(/usr/local/texlive/2012/texmf-dist/tex/latex/base/ifthen.sty
Package: ifthen 2001/05/26 v1.1c Standard LaTeX ifthen package (DPC)
)
\c@r@tfl@t=\count91
\rotFPtop=\skip43
\rotFPbot=\skip44
\rot@float@box=\box26
\rot@mess@toks=\toks16
)
(/Users/amoebe/Library/texmf/tex/latex/sty/timestamp.sty
Package: timestamp 2004/02/03 Timestamp package version 1.0
\@DT@modctr=\count92
\@dtctr=\count93
)
(/usr/local/texlive/2012/texmf-dist/tex/latex/amsmath/amsmath.sty
Package: amsmath 2013/01/14 v2.14 AMS math features
\@mathmargin=\skip45

For additional information on amsmath, use the `?' option.
(/usr/local/texlive/2012/texmf-dist/tex/latex/amsmath/amstext.sty
Package: amstext 2000/06/29 v2.01

(/usr/local/texlive/2012/texmf-dist/tex/latex/amsmath/amsgen.sty
File: amsgen.sty 1999/11/30 v2.0
\@emptytoks=\toks17
\ex@=\dimen113
))
(/usr/local/texlive/2012/texmf-dist/tex/latex/amsmath/amsbsy.sty
Package: amsbsy 1999/11/29 v1.2d
\pmbraise@=\dimen114
)
(/usr/local/texlive/2012/texmf-dist/tex/latex/amsmath/amsopn.sty
Package: amsopn 1999/12/14 v2.01 operator names
)
\inf@bad=\count94
LaTeX Info: Redefining \frac on input line 210.
\uproot@=\count95
\leftroot@=\count96
LaTeX Info: Redefining \overline on input line 306.
\classnum@=\count97
\DOTSCASE@=\count98
LaTeX Info: Redefining \ldots on input line 378.
LaTeX Info: Redefining \dots on input line 381.
LaTeX Info: Redefining \cdots on input line 466.
\Mathstrutbox@=\box27
\strutbox@=\box28
\big@size=\dimen115
LaTeX Font Info:    Redeclaring font encoding OML on input line 566.
LaTeX Font Info:    Redeclaring font encoding OMS on input line 567.
\macc@depth=\count99
\c@MaxMatrixCols=\count100
\dotsspace@=\muskip10
\c@parentequation=\count101
\dspbrk@lvl=\count102
\tag@help=\toks18
\row@=\count103
\column@=\count104
\maxfields@=\count105
\andhelp@=\toks19
\eqnshift@=\dimen116
\alignsep@=\dimen117
\tagshift@=\dimen118
\tagwidth@=\dimen119
\totwidth@=\dimen120
\lineht@=\dimen121
\@envbody=\toks20
\multlinegap=\skip46
\multlinetaggap=\skip47
\mathdisplay@stack=\toks21
LaTeX Info: Redefining \[ on input line 2665.
LaTeX Info: Redefining \] on input line 2666.
)
(/usr/local/texlive/2012/texmf-dist/tex/latex/thmtools/thmtools.sty
Package: thmtools 2012/05/04 v63
\thmt@toks=\toks22
\c@thmt@dummyctr=\count106

(/usr/local/texlive/2012/texmf-dist/tex/latex/thmtools/thm-patch.sty
Package: thm-patch 2012/05/04 v63

(/usr/local/texlive/2012/texmf-dist/tex/latex/thmtools/parseargs.sty
Package: parseargs 2012/05/04 v63
\@parsespec=\toks23
))
(/usr/local/texlive/2012/texmf-dist/tex/latex/thmtools/thm-kv.sty
Package: thm-kv 2012/05/04 v63
Package thm-kv Info: Theorem names will be uppercased on input line 40.

(/usr/local/texlive/2012/texmf-dist/tex/generic/oberdiek/kvsetkeys.sty
Package: kvsetkeys 2012/04/25 v1.16 Key value parser (HO)

(/usr/local/texlive/2012/texmf-dist/tex/generic/oberdiek/etexcmds.sty
Package: etexcmds 2011/02/16 v1.5 Avoid name clashes with e-TeX commands (HO)

(/usr/local/texlive/2012/texmf-dist/tex/generic/oberdiek/ifluatex.sty
Package: ifluatex 2010/03/01 v1.3 Provides the ifluatex switch (HO)
Package ifluatex Info: LuaTeX not detected.
)
Package etexcmds Info: Could not find \expanded.
(etexcmds)             That can mean that you are not using pdfTeX 1.50 or
(etexcmds)             that some package has redefined \expanded.
(etexcmds)             In the latter case, load this package earlier.
))
Package thm-kv Info: kvsetkeys patch (v1.16 or later) on input line 156.
)
(/usr/local/texlive/2012/texmf-dist/tex/latex/thmtools/thm-autoref.sty
Package: thm-autoref 2012/05/04 v63

(/usr/local/texlive/2012/texmf-dist/tex/latex/thmtools/aliasctr.sty
Package: aliasctr 2012/05/04 v63

(/usr/local/texlive/2012/texmf-dist/tex/latex/carlisle/remreset.sty)))
(/usr/local/texlive/2012/texmf-dist/tex/latex/thmtools/thm-listof.sty
Package: thm-listof 2012/05/04 v63
)
(/usr/local/texlive/2012/texmf-dist/tex/latex/thmtools/thm-restate.sty
Package: thm-restate 2012/05/04 v63
))
(/usr/local/texlive/2012/texmf-dist/tex/latex/amsfonts/amssymb.sty
Package: amssymb 2013/01/14 v3.01 AMS font symbols

(/usr/local/texlive/2012/texmf-dist/tex/latex/amsfonts/amsfonts.sty
Package: amsfonts 2013/01/14 v3.01 Basic AMSFonts support
\symAMSa=\mathgroup4
\symAMSb=\mathgroup5
LaTeX Font Info:    Overwriting math alphabet `\mathfrak' in version `bold'
(Font)                  U/euf/m/n --> U/euf/b/n on input line 106.
))
\c@hypothesis=\count107
\c@question=\count108

(/usr/local/texlive/2012/texmf-dist/tex/latex/caption/caption.sty
Package: caption 2013/02/03 v3.3-65 Customizing captions (AR)

(/usr/local/texlive/2012/texmf-dist/tex/latex/caption/caption3.sty
Package: caption3 2013/02/03 v1.5-62 caption3 kernel (AR)
\captionmargin=\dimen122
\captionmargin@=\dimen123
\captionwidth=\dimen124
\caption@tempdima=\dimen125
\caption@indent=\dimen126
\caption@parindent=\dimen127
\caption@hangindent=\dimen128
)
\c@ContinuedFloat=\count109
Package caption Info: rotating package is loaded.
)
(/usr/local/texlive/2012/texmf-dist/tex/latex/caption/subcaption.sty
Package: subcaption 2013/02/03 v1.1-62 Sub-captions (AR)
\c@subfigure=\count110
\c@subtable=\count111
)
(/usr/local/texlive/2012/texmf-dist/tex/latex/oberdiek/epstopdf.sty
Package: epstopdf 2010/02/09 v2.5 Conversion with epstopdf on the fly (HO)

(/usr/local/texlive/2012/texmf-dist/tex/latex/oberdiek/epstopdf-base.sty
Package: epstopdf-base 2010/02/09 v2.5 Base part for package epstopdf

(/usr/local/texlive/2012/texmf-dist/tex/latex/oberdiek/grfext.sty
Package: grfext 2010/08/19 v1.1 Manage graphics extensions (HO)

(/usr/local/texlive/2012/texmf-dist/tex/generic/oberdiek/kvdefinekeys.sty
Package: kvdefinekeys 2011/04/07 v1.3 Define keys (HO)
))
(/usr/local/texlive/2012/texmf-dist/tex/latex/oberdiek/kvoptions.sty
Package: kvoptions 2011/06/30 v3.11 Key value format for package options (HO)
)
(/usr/local/texlive/2012/texmf-dist/tex/generic/oberdiek/pdftexcmds.sty
Package: pdftexcmds 2011/11/29 v0.20 Utility functions of pdfTeX for LuaTeX (HO
)
Package pdftexcmds Info: LuaTeX not detected.
Package pdftexcmds Info: \pdf@primitive is available.
Package pdftexcmds Info: \pdf@ifprimitive is available.
Package pdftexcmds Info: \pdfdraftmode found.
)
Package grfext Info: Graphics extension search list:
(grfext)             [.png,.pdf,.jpg,.mps,.jpeg,.jbig2,.jb2,.PNG,.PDF,.JPG,.JPE
G,.JBIG2,.JB2,.eps]
(grfext)             \AppendGraphicsExtensions on input line 452.

(/usr/local/texlive/2012/texmf-dist/tex/latex/latexconfig/epstopdf-sys.cfg
File: epstopdf-sys.cfg 2010/07/13 v1.3 Configuration of (r)epstopdf for TeX Liv
e
)))
(/Users/amoebe/Library/texmf/tex/latex/sty/multirow/multirow.sty
\bigstrutjot=\dimen129
)
(/usr/local/texlive/2012/texmf-dist/tex/latex/tools/multicol.sty
Package: multicol 2011/06/27 v1.7a multicolumn formatting (FMi)
\c@tracingmulticols=\count112
\mult@box=\box29
\multicol@leftmargin=\dimen130
\c@unbalance=\count113
\c@collectmore=\count114
\doublecol@number=\count115
\multicoltolerance=\count116
\multicolpretolerance=\count117
\full@width=\dimen131
\page@free=\dimen132
\premulticols=\dimen133
\postmulticols=\dimen134
\multicolsep=\skip48
\multicolbaselineskip=\skip49
\partial@page=\box30
\last@line=\box31
\mult@rightbox=\box32
\mult@grightbox=\box33
\mult@gfirstbox=\box34
\mult@firstbox=\box35
\@tempa=\box36
\@tempa=\box37
\@tempa=\box38
\@tempa=\box39
\@tempa=\box40
\@tempa=\box41
\@tempa=\box42
\@tempa=\box43
\@tempa=\box44
\@tempa=\box45
\@tempa=\box46
\@tempa=\box47
\@tempa=\box48
\@tempa=\box49
\@tempa=\box50
\@tempa=\box51
\@tempa=\box52
\c@columnbadness=\count118
\c@finalcolumnbadness=\count119
\last@try=\dimen135
\multicolovershoot=\dimen136
\multicolundershoot=\dimen137
\mult@nat@firstbox=\box53
\colbreak@box=\box54
\multicol@sort@counter=\count120
)
(/Users/amoebe/Library/texmf/tex/latex/pgf/latex/pgf/frontendlayer/tikz.sty
(/Users/amoebe/Library/texmf/tex/latex/pgf/latex/pgf/basiclayer/pgf.sty
(/Users/amoebe/Library/texmf/tex/latex/pgf/latex/pgf/utilities/pgfrcs.sty
(/Users/amoebe/Library/texmf/tex/latex/pgf/generic/pgf/utilities/pgfutil-common
.tex
\pgfutil@everybye=\toks24
)
(/Users/amoebe/Library/texmf/tex/latex/pgf/generic/pgf/utilities/pgfutil-latex.
def
\pgfutil@abb=\box55
 (/usr/local/texlive/2012/texmf-dist/tex/latex/ms/everyshi.sty
Package: everyshi 2001/05/15 v3.00 EveryShipout Package (MS)
))
(/Users/amoebe/Library/texmf/tex/latex/pgf/generic/pgf/utilities/pgfrcs.code.te
x
Package: pgfrcs 2010/11/07 v2.10-cvs (rcs-revision 1.25)
))
Package: pgf 2008/01/15 v2.10-cvs (rcs-revision 1.12)
 (/Users/amoebe/Library/texmf/tex/latex/pgf/latex/pgf/basiclayer/pgfcore.sty (/
Users/amoebe/Library/texmf/tex/latex/pgf/latex/pgf/systemlayer/pgfsys.sty
(/Users/amoebe/Library/texmf/tex/latex/pgf/generic/pgf/systemlayer/pgfsys.code.
tex
Package: pgfsys 2010/06/30 v2.10-cvs (rcs-revision 1.37)

(/Users/amoebe/Library/texmf/tex/latex/pgf/generic/pgf/utilities/pgfkeys.code.t
ex
\pgfkeys@pathtoks=\toks25
\pgfkeys@temptoks=\toks26

(/Users/amoebe/Library/texmf/tex/latex/pgf/generic/pgf/utilities/pgfkeysfiltere
d.code.tex
\pgfkeys@tmptoks=\toks27
))
\pgf@x=\dimen138
\pgf@y=\dimen139
\pgf@xa=\dimen140
\pgf@ya=\dimen141
\pgf@xb=\dimen142
\pgf@yb=\dimen143
\pgf@xc=\dimen144
\pgf@yc=\dimen145
\w@pgf@writea=\write3
\r@pgf@reada=\read1
\c@pgf@counta=\count121
\c@pgf@countb=\count122
\c@pgf@countc=\count123
\c@pgf@countd=\count124

(/Users/amoebe/Library/texmf/tex/latex/pgf/generic/pgf/systemlayer/pgf.cfg
File: pgf.cfg 2008/05/14  (rcs-revision 1.7)
)
Package pgfsys Info: Driver file for pgf: pgfsys-pdftex.def on input line 900.

(/Users/amoebe/Library/texmf/tex/latex/pgf/generic/pgf/systemlayer/pgfsys-pdfte
x.def
File: pgfsys-pdftex.def 2011/12/29  (rcs-revision 1.27)

(/Users/amoebe/Library/texmf/tex/latex/pgf/generic/pgf/systemlayer/pgfsys-commo
n-pdf.def
File: pgfsys-common-pdf.def 2008/05/19  (rcs-revision 1.10)
)))
(/Users/amoebe/Library/texmf/tex/latex/pgf/generic/pgf/systemlayer/pgfsyssoftpa
th.code.tex
File: pgfsyssoftpath.code.tex 2008/07/18  (rcs-revision 1.7)
\pgfsyssoftpath@smallbuffer@items=\count125
\pgfsyssoftpath@bigbuffer@items=\count126
)
(/Users/amoebe/Library/texmf/tex/latex/pgf/generic/pgf/systemlayer/pgfsysprotoc
ol.code.tex
File: pgfsysprotocol.code.tex 2006/10/16  (rcs-revision 1.4)
)) (/usr/local/texlive/2012/texmf-dist/tex/latex/xcolor/xcolor.sty
Package: xcolor 2007/01/21 v2.11 LaTeX color extensions (UK)

(/usr/local/texlive/2012/texmf-dist/tex/latex/latexconfig/color.cfg
File: color.cfg 2007/01/18 v1.5 color configuration of teTeX/TeXLive
)
Package xcolor Info: Driver file: pdftex.def on input line 225.
Package xcolor Info: Model `cmy' substituted by `cmy0' on input line 1337.
Package xcolor Info: Model `hsb' substituted by `rgb' on input line 1341.
Package xcolor Info: Model `RGB' extended on input line 1353.
Package xcolor Info: Model `HTML' substituted by `rgb' on input line 1355.
Package xcolor Info: Model `Hsb' substituted by `hsb' on input line 1356.
Package xcolor Info: Model `tHsb' substituted by `hsb' on input line 1357.
Package xcolor Info: Model `HSB' substituted by `hsb' on input line 1358.
Package xcolor Info: Model `Gray' substituted by `gray' on input line 1359.
Package xcolor Info: Model `wave' substituted by `hsb' on input line 1360.
)
(/Users/amoebe/Library/texmf/tex/latex/pgf/generic/pgf/basiclayer/pgfcore.code.
tex
Package: pgfcore 2010/04/11 v2.10-cvs (rcs-revision 1.7)

(/Users/amoebe/Library/texmf/tex/latex/pgf/generic/pgf/math/pgfmath.code.tex
(/Users/amoebe/Library/texmf/tex/latex/pgf/generic/pgf/math/pgfmathcalc.code.te
x
(/Users/amoebe/Library/texmf/tex/latex/pgf/generic/pgf/math/pgfmathutil.code.te
x)
(/Users/amoebe/Library/texmf/tex/latex/pgf/generic/pgf/math/pgfmathparser.code.
tex
\pgfmath@dimen=\dimen146
\pgfmath@count=\count127
\pgfmath@box=\box56
\pgfmath@toks=\toks28
\pgfmath@stack@operand=\toks29
\pgfmath@stack@operation=\toks30
)
(/Users/amoebe/Library/texmf/tex/latex/pgf/generic/pgf/math/pgfmathfunctions.co
de.tex
(/Users/amoebe/Library/texmf/tex/latex/pgf/generic/pgf/math/pgfmathfunctions.ba
sic.code.tex)
(/Users/amoebe/Library/texmf/tex/latex/pgf/generic/pgf/math/pgfmathfunctions.tr
igonometric.code.tex)
(/Users/amoebe/Library/texmf/tex/latex/pgf/generic/pgf/math/pgfmathfunctions.ra
ndom.code.tex)
(/Users/amoebe/Library/texmf/tex/latex/pgf/generic/pgf/math/pgfmathfunctions.co
mparison.code.tex)
(/Users/amoebe/Library/texmf/tex/latex/pgf/generic/pgf/math/pgfmathfunctions.ba
se.code.tex)
(/Users/amoebe/Library/texmf/tex/latex/pgf/generic/pgf/math/pgfmathfunctions.ro
und.code.tex)
(/Users/amoebe/Library/texmf/tex/latex/pgf/generic/pgf/math/pgfmathfunctions.mi
sc.code.tex)
(/Users/amoebe/Library/texmf/tex/latex/pgf/generic/pgf/math/pgfmathfunctions.in
tegerarithmetics.code.tex)))
(/Users/amoebe/Library/texmf/tex/latex/pgf/generic/pgf/math/pgfmathfloat.code.t
ex
\c@pgfmathroundto@lastzeros=\count128
))
(/Users/amoebe/Library/texmf/tex/latex/pgf/generic/pgf/basiclayer/pgfcorepoints
.code.tex
File: pgfcorepoints.code.tex 2012/01/06  (rcs-revision 1.21)
\pgf@picminx=\dimen147
\pgf@picmaxx=\dimen148
\pgf@picminy=\dimen149
\pgf@picmaxy=\dimen150
\pgf@pathminx=\dimen151
\pgf@pathmaxx=\dimen152
\pgf@pathminy=\dimen153
\pgf@pathmaxy=\dimen154
\pgf@xx=\dimen155
\pgf@xy=\dimen156
\pgf@yx=\dimen157
\pgf@yy=\dimen158
\pgf@zx=\dimen159
\pgf@zy=\dimen160
)
(/Users/amoebe/Library/texmf/tex/latex/pgf/generic/pgf/basiclayer/pgfcorepathco
nstruct.code.tex
File: pgfcorepathconstruct.code.tex 2011/04/17  (rcs-revision 1.25)
\pgf@path@lastx=\dimen161
\pgf@path@lasty=\dimen162
)
(/Users/amoebe/Library/texmf/tex/latex/pgf/generic/pgf/basiclayer/pgfcorepathus
age.code.tex
File: pgfcorepathusage.code.tex 2008/04/22  (rcs-revision 1.12)
\pgf@shorten@end@additional=\dimen163
\pgf@shorten@start@additional=\dimen164
)
(/Users/amoebe/Library/texmf/tex/latex/pgf/generic/pgf/basiclayer/pgfcorescopes
.code.tex
File: pgfcorescopes.code.tex 2011/10/01  (rcs-revision 1.37)
\pgfpic=\box57
\pgf@hbox=\box58
\pgf@layerbox@main=\box59
\pgf@picture@serial@count=\count129
)
(/Users/amoebe/Library/texmf/tex/latex/pgf/generic/pgf/basiclayer/pgfcoregraphi
cstate.code.tex
File: pgfcoregraphicstate.code.tex 2008/04/22  (rcs-revision 1.9)
\pgflinewidth=\dimen165
)
(/Users/amoebe/Library/texmf/tex/latex/pgf/generic/pgf/basiclayer/pgfcoretransf
ormations.code.tex
File: pgfcoretransformations.code.tex 2012/01/06  (rcs-revision 1.12)
\pgf@pt@x=\dimen166
\pgf@pt@y=\dimen167
\pgf@pt@temp=\dimen168
)
(/Users/amoebe/Library/texmf/tex/latex/pgf/generic/pgf/basiclayer/pgfcorequick.
code.tex
File: pgfcorequick.code.tex 2008/10/09  (rcs-revision 1.3)
)
(/Users/amoebe/Library/texmf/tex/latex/pgf/generic/pgf/basiclayer/pgfcoreobject
s.code.tex
File: pgfcoreobjects.code.tex 2006/10/11  (rcs-revision 1.2)
)
(/Users/amoebe/Library/texmf/tex/latex/pgf/generic/pgf/basiclayer/pgfcorepathpr
ocessing.code.tex
File: pgfcorepathprocessing.code.tex 2008/10/09  (rcs-revision 1.8)
)
(/Users/amoebe/Library/texmf/tex/latex/pgf/generic/pgf/basiclayer/pgfcorearrows
.code.tex
File: pgfcorearrows.code.tex 2011/06/07  (rcs-revision 1.12)
)
(/Users/amoebe/Library/texmf/tex/latex/pgf/generic/pgf/basiclayer/pgfcoreshade.
code.tex
File: pgfcoreshade.code.tex 2008/11/23  (rcs-revision 1.13)
\pgf@max=\dimen169
\pgf@sys@shading@range@num=\count130
)
(/Users/amoebe/Library/texmf/tex/latex/pgf/generic/pgf/basiclayer/pgfcoreimage.
code.tex
File: pgfcoreimage.code.tex 2010/03/25  (rcs-revision 1.16)

(/Users/amoebe/Library/texmf/tex/latex/pgf/generic/pgf/basiclayer/pgfcoreextern
al.code.tex
File: pgfcoreexternal.code.tex 2010/09/01  (rcs-revision 1.17)
\pgfexternal@startupbox=\box60
))
(/Users/amoebe/Library/texmf/tex/latex/pgf/generic/pgf/basiclayer/pgfcorelayers
.code.tex
File: pgfcorelayers.code.tex 2011/10/02  (rcs-revision 1.4)
)
(/Users/amoebe/Library/texmf/tex/latex/pgf/generic/pgf/basiclayer/pgfcoretransp
arency.code.tex
File: pgfcoretransparency.code.tex 2008/01/17  (rcs-revision 1.2)
)
(/Users/amoebe/Library/texmf/tex/latex/pgf/generic/pgf/basiclayer/pgfcorepatter
ns.code.tex
File: pgfcorepatterns.code.tex 2009/07/02  (rcs-revision 1.3)
)))
(/Users/amoebe/Library/texmf/tex/latex/pgf/generic/pgf/modules/pgfmoduleshapes.
code.tex
File: pgfmoduleshapes.code.tex 2011/07/21  (rcs-revision 1.19)
\pgfnodeparttextbox=\box61
)
(/Users/amoebe/Library/texmf/tex/latex/pgf/generic/pgf/modules/pgfmoduleplot.co
de.tex
File: pgfmoduleplot.code.tex 2011/10/22  (rcs-revision 1.10)
)
(/Users/amoebe/Library/texmf/tex/latex/pgf/latex/pgf/compatibility/pgfcomp-vers
ion-0-65.sty
Package: pgfcomp-version-0-65 2007/07/03 v2.10-cvs (rcs-revision 1.7)
\pgf@nodesepstart=\dimen170
\pgf@nodesepend=\dimen171
)
(/Users/amoebe/Library/texmf/tex/latex/pgf/latex/pgf/compatibility/pgfcomp-vers
ion-1-18.sty
Package: pgfcomp-version-1-18 2007/07/23 v2.10-cvs (rcs-revision 1.1)
))
(/Users/amoebe/Library/texmf/tex/latex/pgf/latex/pgf/utilities/pgffor.sty
(/Users/amoebe/Library/texmf/tex/latex/pgf/latex/pgf/utilities/pgfkeys.sty
(/Users/amoebe/Library/texmf/tex/latex/pgf/generic/pgf/utilities/pgfkeys.code.t
ex)) (/Users/amoebe/Library/texmf/tex/latex/pgf/latex/pgf/math/pgfmath.sty
(/Users/amoebe/Library/texmf/tex/latex/pgf/generic/pgf/math/pgfmath.code.tex))
(/Users/amoebe/Library/texmf/tex/latex/pgf/generic/pgf/utilities/pgffor.code.te
x
Package: pgffor 2012/01/09 v2.10-cvs (rcs-revision 1.21)
 (/Users/amoebe/Library/texmf/tex/latex/pgf/generic/pgf/math/pgfmath.code.tex)
\pgffor@iter=\dimen172
\pgffor@skip=\dimen173
\pgffor@stack=\toks31
\pgffor@toks=\toks32
))
(/Users/amoebe/Library/texmf/tex/latex/pgf/generic/pgf/frontendlayer/tikz/tikz.
code.tex
Package: tikz 2012/01/24 v2.10-cvs (rcs-revision 1.89)

(/Users/amoebe/Library/texmf/tex/latex/pgf/generic/pgf/libraries/pgflibraryplot
handlers.code.tex
File: pgflibraryplothandlers.code.tex 2011/12/28 v2.10-cvs (rcs-revision 1.16)
\pgf@plot@mark@count=\count131
\pgfplotmarksize=\dimen174
)
\tikz@lastx=\dimen175
\tikz@lasty=\dimen176
\tikz@lastxsaved=\dimen177
\tikz@lastysaved=\dimen178
\tikzleveldistance=\dimen179
\tikzsiblingdistance=\dimen180
\tikz@figbox=\box62
\tikz@tempbox=\box63
\tikztreelevel=\count132
\tikznumberofchildren=\count133
\tikznumberofcurrentchild=\count134
\tikz@fig@count=\count135

(/Users/amoebe/Library/texmf/tex/latex/pgf/generic/pgf/modules/pgfmodulematrix.
code.tex
File: pgfmodulematrix.code.tex 2010/08/24  (rcs-revision 1.4)
\pgfmatrixcurrentrow=\count136
\pgfmatrixcurrentcolumn=\count137
\pgf@matrix@numberofcolumns=\count138
)
\tikz@expandcount=\count139

(/Users/amoebe/Library/texmf/tex/latex/pgf/generic/pgf/frontendlayer/tikz/libra
ries/tikzlibrarytopaths.code.tex
File: tikzlibrarytopaths.code.tex 2008/06/17 v2.10-cvs (rcs-revision 1.2)
)))
(/usr/local/texlive/2012/texmf-dist/tex/latex/pgfplots/pgfplots.sty
(/usr/local/texlive/2012/texmf-dist/tex/generic/pgfplots/pgfplots.revision.tex)
Package: pgfplots 2011/12/29 v1.5.1 (git show 1.5.1-4-g53e640f )
(/usr/local/texlive/2012/texmf-dist/tex/generic/pgfplots/pgfplots.code.tex
(/usr/local/texlive/2012/texmf-dist/tex/generic/pgfplots/pgfplotscore.code.tex
\t@pgfplots@toka=\toks33
\t@pgfplots@tokb=\toks34
\t@pgfplots@tokc=\toks35
\pgfplots@tmpa=\dimen181
\c@pgfplots@coordindex=\count140
\c@pgfplots@scanlineindex=\count141

(/usr/local/texlive/2012/texmf-dist/tex/generic/pgfplots/sys/pgfplotssysgeneric
.code.tex))
(/usr/local/texlive/2012/texmf-dist/tex/generic/pgfplots/libs/pgfplotslibrary.c
ode.tex)
(/usr/local/texlive/2012/texmf-dist/tex/generic/pgfplots/oldpgfcompatib/pgfplot
soldpgfsupp_loader.code.tex
(/Users/amoebe/Library/texmf/tex/latex/pgf/generic/pgf/libraries/pgflibraryfpu.
code.tex))
(/usr/local/texlive/2012/texmf-dist/tex/generic/pgfplots/util/pgfplotsutil.code
.tex
(/usr/local/texlive/2012/texmf-dist/tex/generic/pgfplots/liststructure/pgfplots
liststructure.code.tex)
(/usr/local/texlive/2012/texmf-dist/tex/generic/pgfplots/liststructure/pgfplots
liststructureext.code.tex)
(/usr/local/texlive/2012/texmf-dist/tex/generic/pgfplots/liststructure/pgfplots
array.code.tex
\c@pgfplotsarray@tmp=\count142
)
(/usr/local/texlive/2012/texmf-dist/tex/generic/pgfplots/liststructure/pgfplots
matrix.code.tex)
(/usr/local/texlive/2012/texmf-dist/tex/generic/pgfplots/numtable/pgfplotstable
shared.code.tex
\c@pgfplotstable@counta=\count143
\t@pgfplotstable@a=\toks36
)
(/usr/local/texlive/2012/texmf-dist/tex/generic/pgfplots/liststructure/pgfplots
deque.code.tex)
(/usr/local/texlive/2012/texmf-dist/tex/generic/pgfplots/util/pgfplotsbinary.co
de.tex)
(/usr/local/texlive/2012/texmf-dist/tex/generic/pgfplots/util/pgfplotsutil.verb
.code.tex)
(/usr/local/texlive/2012/texmf-dist/tex/generic/pgfplots/libs/pgflibrarypgfplot
s.surfshading.code.tex
\c@pgfplotslibrarysurf@no=\count144

(/usr/local/texlive/2012/texmf-dist/tex/generic/pgfplots/sys/pgflibrarypgfplots
.surfshading.pgfsys-pdftex.def)))
(/usr/local/texlive/2012/texmf-dist/tex/generic/pgfplots/util/pgfplotscolormap.
code.tex)
(/usr/local/texlive/2012/texmf-dist/tex/generic/pgfplots/pgfplotsstackedplots.c
ode.tex)
(/usr/local/texlive/2012/texmf-dist/tex/generic/pgfplots/pgfplotsplothandlers.c
ode.tex
(/usr/local/texlive/2012/texmf-dist/tex/generic/pgfplots/pgfplotsmeshplothandle
r.code.tex))
(/usr/local/texlive/2012/texmf-dist/tex/generic/pgfplots/pgfplotscoordprocessin
g.code.tex)
(/usr/local/texlive/2012/texmf-dist/tex/generic/pgfplots/pgfplotsticks.code.tex
)
(/usr/local/texlive/2012/texmf-dist/tex/generic/pgfplots/pgfplots.paths.code.te
x)
(/Users/amoebe/Library/texmf/tex/latex/pgf/generic/pgf/frontendlayer/tikz/libra
ries/tikzlibrarydecorations.code.tex
(/Users/amoebe/Library/texmf/tex/latex/pgf/generic/pgf/modules/pgfmoduledecorat
ions.code.tex
\pgfdecoratedcompleteddistance=\dimen182
\pgfdecoratedremainingdistance=\dimen183
\pgfdecoratedinputsegmentcompleteddistance=\dimen184
\pgfdecoratedinputsegmentremainingdistance=\dimen185
\pgf@decorate@distancetomove=\dimen186
\pgf@decorate@repeatstate=\count145
\pgfdecorationsegmentamplitude=\dimen187
\pgfdecorationsegmentlength=\dimen188
)
\tikz@lib@dec@box=\box64
)
(/Users/amoebe/Library/texmf/tex/latex/pgf/generic/pgf/frontendlayer/tikz/libra
ries/tikzlibrarydecorations.pathmorphing.code.tex
(/Users/amoebe/Library/texmf/tex/latex/pgf/generic/pgf/libraries/decorations/pg
flibrarydecorations.pathmorphing.code.tex))
(/Users/amoebe/Library/texmf/tex/latex/pgf/generic/pgf/frontendlayer/tikz/libra
ries/tikzlibrarydecorations.pathreplacing.code.tex
(/Users/amoebe/Library/texmf/tex/latex/pgf/generic/pgf/libraries/decorations/pg
flibrarydecorations.pathreplacing.code.tex))
\pgfplots@numplots=\count146
\pgfplots@xmin@reg=\dimen189
\pgfplots@xmax@reg=\dimen190
\pgfplots@ymin@reg=\dimen191
\pgfplots@ymax@reg=\dimen192
\pgfplots@zmin@reg=\dimen193
\pgfplots@zmax@reg=\dimen194
)
(/Users/amoebe/Library/texmf/tex/latex/pgf/generic/pgf/frontendlayer/tikz/libra
ries/tikzlibraryplotmarks.code.tex
File: tikzlibraryplotmarks.code.tex 2008/01/09 v2.10-cvs (rcs-revision 1.1)

(/Users/amoebe/Library/texmf/tex/latex/pgf/generic/pgf/libraries/pgflibraryplot
marks.code.tex
File: pgflibraryplotmarks.code.tex 2010/10/15 v2.10-cvs (rcs-revision 1.12)
)))
(/usr/local/texlive/2012/texmf-dist/tex/latex/tikz-qtree/tikz-qtree.sty
(/usr/local/texlive/2012/texmf-dist/tex/latex/tikz-qtree/pgftree.sty
(/usr/local/texlive/2012/texmf-dist/tex/latex/tikz-qtree/pgfsubpic.sty
(/usr/local/texlive/2012/texmf-dist/tex/latex/tikz-qtree/pgfsubpic.tex
\pgf@subpicminx=\dimen195
\pgf@subpicminy=\dimen196
\pgf@subpicmaxx=\dimen197
\pgf@subpicmaxy=\dimen198
))
(/usr/local/texlive/2012/texmf-dist/tex/latex/tikz-qtree/pgftree.tex
\levelsep=\dimen199
\subtreesep=\dimen200
\smuggle@levelsep=\dimen201
\smuggle@subtreesep=\dimen202
\this@levelsep=\dimen203
\this@subtreesep=\dimen204
\pgftree@childx=\dimen205
\pgftree@savechildx=\dimen206
\pgftree@childy=\dimen207
\pgftree@savechildy=\dimen208
\pgftree@childi=\count147
\pgftree@savechildi=\count148
\pgftree@level=\count149
\pgftree@depth=\dimen209
\pgf@subpic@hbox@children=\box65
\pgf@subpic@minx@children=\dimen210
\pgf@subpic@miny@children=\dimen211
\pgf@subpic@maxx@children=\dimen212
\pgf@subpic@maxy@children=\dimen213
\pgftree@lastchildx=\dimen214
\pgftree@lastchildy=\dimen215
))
(/usr/local/texlive/2012/texmf-dist/tex/latex/tikz-qtree/tikz-qtree.tex
\@result=\toks37
\child@list=\toks38
\root@node=\toks39
))
(/Users/amoebe/Library/texmf/tex/latex/pgf/generic/pgf/frontendlayer/tikz/libra
ries/tikzlibraryarrows.code.tex
File: tikzlibraryarrows.code.tex 2008/01/09 v2.10-cvs (rcs-revision 1.1)

(/Users/amoebe/Library/texmf/tex/latex/pgf/generic/pgf/libraries/pgflibraryarro
ws.code.tex
File: pgflibraryarrows.code.tex 2008/10/27 v2.10-cvs (rcs-revision 1.9)
\arrowsize=\dimen216
))
(/Users/amoebe/Library/texmf/tex/latex/pgf/generic/pgf/frontendlayer/tikz/libra
ries/tikzlibraryfit.code.tex
File: tikzlibraryfit.code.tex 2011/02/27 v2.10-cvs (rcs-revision 1.4)
)
(/Users/amoebe/Library/texmf/tex/latex/pgf/generic/pgf/frontendlayer/tikz/libra
ries/tikzlibrarycalc.code.tex
File: tikzlibrarycalc.code.tex 2009/09/04 v2.10-cvs (rcs-revision 1.6)
)
(/Users/amoebe/Library/texmf/tex/latex/pgf/generic/pgf/frontendlayer/tikz/libra
ries/tikzlibrarydecorations.markings.code.tex
(/Users/amoebe/Library/texmf/tex/latex/pgf/generic/pgf/libraries/decorations/pg
flibrarydecorations.markings.code.tex))
(/Users/amoebe/Library/texmf/tex/latex/pgf/generic/pgf/frontendlayer/tikz/libra
ries/tikzlibrarypositioning.code.tex
File: tikzlibrarypositioning.code.tex 2008/10/06 v2.10-cvs (rcs-revision 1.7)
)
(/usr/local/texlive/2012/texmf-dist/tex/latex/standalone/standalone.sty
Package: standalone 2012/05/20 v1.1a Package to include TeX sub-files with prea
mbles

(/usr/local/texlive/2012/texmf-dist/tex/latex/xkeyval/xkeyval.sty
Package: xkeyval 2008/08/13 v2.6a package option processing (HA)

(/usr/local/texlive/2012/texmf-dist/tex/generic/xkeyval/xkeyval.tex
\XKV@toks=\toks40
\XKV@tempa@toks=\toks41
\XKV@depth=\count150
File: xkeyval.tex 2008/08/13 v2.6a key=value parser (HA)
))
(/usr/local/texlive/2012/texmf-dist/tex/latex/currfile/currfile.sty
Package: currfile 2013/02/01 v0.7b Provides the file path elements of the curre
nt input file

(/usr/local/texlive/2012/texmf-dist/tex/latex/filehook/filehook.sty
Package: filehook 2011/10/12 v0.5d Hooks for input files
)
\c@currfiledepth=\count151
)
(/usr/local/texlive/2012/texmf-dist/tex/latex/gincltex/gincltex.sty
(/usr/local/texlive/2012/texmf-dist/tex/latex/svn-prov/svn-prov.sty
Package: svn-prov 2010/04/24 v3.1862 Package Date/Version from SVN Keywords
)
Package: gincltex 2011/09/04 v0.3 Include external LaTeX files like graphics

(/usr/local/texlive/2012/texmf-dist/tex/latex/adjustbox/adjustbox.sty
Package: adjustbox 2012/05/21 v1.0 Adjusting TeX boxes (trim, clip, ...)

(/usr/local/texlive/2012/texmf-dist/tex/latex/adjustbox/adjcalc.sty
Package: adjcalc 2012/05/16 v1.1 Provides advanced setlength with multiple back
-ends (calc, etex, pgfmath)
)
(/usr/local/texlive/2012/texmf-dist/tex/latex/adjustbox/trimclip.sty
Package: trimclip 2012/05/16 v1.0 Trim and clip general TeX material

(/usr/local/texlive/2012/texmf-dist/tex/latex/collectbox/collectbox.sty
Package: collectbox 2012/05/17 v0.4b Collect macro arguments as boxes
\collectedbox=\box66
)
\tc@llx=\dimen217
\tc@lly=\dimen218
\tc@urx=\dimen219
\tc@ury=\dimen220
Package trimclip Info: Using driver 'tc-pdftex.def'.

(/usr/local/texlive/2012/texmf-dist/tex/latex/adjustbox/tc-pdftex.def
File: tc-pdftex.def 2012/05/13 v1.0 Clipping driver for pdftex
))
\adjbox@Width=\dimen221
\adjbox@Height=\dimen222
\adjbox@Depth=\dimen223
\adjbox@Totalheight=\dimen224

(/usr/local/texlive/2012/texmf-dist/tex/latex/ifoddpage/ifoddpage.sty
Package: ifoddpage 2011/09/13 v1.0 Conditionals for odd/even page detection
\c@checkoddpage=\count152
)
(/usr/local/texlive/2012/texmf-dist/tex/latex/varwidth/varwidth.sty
Package: varwidth 2009/03/30 ver 0.92;  Variable-width minipages
\@vwid@box=\box67
\sift@deathcycles=\count153
\@vwid@loff=\dimen225
\@vwid@roff=\dimen226
))
\gincltex@box=\box68
)
(/usr/local/texlive/2012/texmf-dist/tex/latex/filemod/filemod-expmin.sty
Package: filemod-expmin 2011/09/19 v1.2 Get and compare file modification times
 (expandable; minimal)
))
(/usr/local/texlive/2012/texmf-dist/tex/latex/tipa/tipa.sty
Package: tipa 2002/08/08 TIPA version 1.1

(/usr/local/texlive/2012/texmf-dist/tex/latex/base/fontenc.sty
Package: fontenc 2005/09/27 v1.99g Standard LaTeX package

(/usr/local/texlive/2012/texmf-dist/tex/latex/tipa/t3enc.def
File: t3enc.def 2001/12/31 T3 encoding
)
(/usr/local/texlive/2012/texmf-dist/tex/latex/base/ot1enc.def
File: ot1enc.def 2005/09/27 v1.99g Standard LaTeX file
LaTeX Font Info:    Redeclaring font encoding OT1 on input line 43.
)))
(/usr/local/texlive/2012/texmf-dist/tex/latex/tipa/tone.sty
\@tonebarhtunit=\dimen227
\@tonebarhalfwd=\dimen228
)
(/Users/amoebe/Library/texmf/tex/latex/sty/linguex.sty
(/usr/local/texlive/2012/texmf-dist/tex/latex/tools/xspace.sty
Package: xspace 2009/10/20 v1.13 Space after command names (DPC,MH)
)
(/Users/amoebe/Library/texmf/tex/latex/sty/cgloss4e.sty
\lineone=\box69
\linetwo=\box70
\linethree=\box71
\wordone=\box72
\wordtwo=\box73
\wordthree=\box74
\gline=\box75
\glossglue=\skip50
)
\c@ExNo=\count154
\c@SubExNo=\count155
\c@SubSubExNo=\count156
\c@FnExNo=\count157
\c@ABC=\count158
\currentlabel=\skip51
\lessthanten=\skip52
\lessthanhundred=\skip53
\lessthanthousand=\skip54
\@Exleftmargin=\skip55
\Exlabelwidth=\skip56
\Extopsep=\skip57
\Exindent=\skip58
\SubExleftmargin=\skip59
\SubSubExleftmargin=\skip60
\Exlabelsep=\skip61
\alignSubExnegindent=\skip62
\Exredux=\skip63
\digitwidth=\skip64
\mindigitwidth=\skip65
\c@ExDepth=\count159
\c@TempExDepth=\count160
\CollectTokens=\toks42
LaTeX Info: Redefining \b on input line 303.
LaTeX Info: Redefining \c on input line 307.
LaTeX Info: Redefining \d on input line 309.
\c@tmpaEx=\count161
)
(/usr/local/texlive/2012/texmf-dist/tex/latex/hyperref/hyperref.sty
Package: hyperref 2012/05/13 v6.82q Hypertext links for LaTeX

(/usr/local/texlive/2012/texmf-dist/tex/generic/oberdiek/hobsub-hyperref.sty
Package: hobsub-hyperref 2012/05/28 v1.13 Bundle oberdiek, subset hyperref (HO)


(/usr/local/texlive/2012/texmf-dist/tex/generic/oberdiek/hobsub-generic.sty
Package: hobsub-generic 2012/05/28 v1.13 Bundle oberdiek, subset generic (HO)
Package: hobsub 2012/05/28 v1.13 Construct package bundles (HO)
Package hobsub Info: Skipping package `infwarerr' (already loaded).
Package hobsub Info: Skipping package `ltxcmds' (already loaded).
Package hobsub Info: Skipping package `ifluatex' (already loaded).
Package hobsub Info: Skipping package `ifvtex' (already loaded).
Package: intcalc 2007/09/27 v1.1 Expandable calculations with integers (HO)
Package hobsub Info: Skipping package `ifpdf' (already loaded).
Package hobsub Info: Skipping package `etexcmds' (already loaded).
Package hobsub Info: Skipping package `kvsetkeys' (already loaded).
Package hobsub Info: Skipping package `kvdefinekeys' (already loaded).
Package hobsub Info: Skipping package `pdftexcmds' (already loaded).
Package: pdfescape 2011/11/25 v1.13 Implements pdfTeX's escape features (HO)
Package: bigintcalc 2012/04/08 v1.3 Expandable calculations on big integers (HO
)
Package: bitset 2011/01/30 v1.1 Handle bit-vector datatype (HO)
Package: uniquecounter 2011/01/30 v1.2 Provide unlimited unique counter (HO)
)
Package hobsub Info: Skipping package `hobsub' (already loaded).
Package: letltxmacro 2010/09/02 v1.4 Let assignment for LaTeX macros (HO)
Package: hopatch 2012/05/28 v1.2 Wrapper for package hooks (HO)
Package: xcolor-patch 2011/01/30 xcolor patch
Package: atveryend 2011/06/30 v1.8 Hooks at the very end of document (HO)
Package atveryend Info: \enddocument detected (standard20110627).
Package: atbegshi 2011/10/05 v1.16 At begin shipout hook (HO)
Package: refcount 2011/10/16 v3.4 Data extraction from label references (HO)
Package: hycolor 2011/01/30 v1.7 Color options for hyperref/bookmark (HO)
)
\@linkdim=\dimen229
\Hy@linkcounter=\count162
\Hy@pagecounter=\count163

(/usr/local/texlive/2012/texmf-dist/tex/latex/hyperref/pd1enc.def
File: pd1enc.def 2012/05/13 v6.82q Hyperref: PDFDocEncoding definition (HO)
)
\Hy@SavedSpaceFactor=\count164

(/usr/local/texlive/2012/texmf-dist/tex/latex/latexconfig/hyperref.cfg
File: hyperref.cfg 2002/06/06 v1.2 hyperref configuration of TeXLive
)
Package hyperref Info: Hyper figures OFF on input line 4062.
Package hyperref Info: Link nesting OFF on input line 4067.
Package hyperref Info: Hyper index ON on input line 4070.
Package hyperref Info: Plain pages OFF on input line 4077.
Package hyperref Info: Backreferencing OFF on input line 4082.
Package hyperref Info: Implicit mode ON; LaTeX internals redefined.
Package hyperref Info: Bookmarks ON on input line 4300.
\c@Hy@tempcnt=\count165

(/usr/local/texlive/2012/texmf-dist/tex/latex/url/url.sty
\Urlmuskip=\muskip11
Package: url 2006/04/12  ver 3.3  Verb mode for urls, etc.
)
LaTeX Info: Redefining \url on input line 4653.
\Fld@menulength=\count166
\Field@Width=\dimen230
\Fld@charsize=\dimen231
Package hyperref Info: Hyper figures OFF on input line 5773.
Package hyperref Info: Link nesting OFF on input line 5778.
Package hyperref Info: Hyper index ON on input line 5781.
Package hyperref Info: backreferencing OFF on input line 5788.
Package hyperref Info: Link coloring OFF on input line 5793.
Package hyperref Info: Link coloring with OCG OFF on input line 5798.
Package hyperref Info: PDF/A mode OFF on input line 5803.
LaTeX Info: Redefining \ref on input line 5843.
LaTeX Info: Redefining \pageref on input line 5847.
\Hy@abspage=\count167
\c@Item=\count168
\c@Hfootnote=\count169
)

Package hyperref Message: Driver (autodetected): hpdftex.

(/usr/local/texlive/2012/texmf-dist/tex/latex/hyperref/hpdftex.def
File: hpdftex.def 2012/05/13 v6.82q Hyperref driver for pdfTeX
\Fld@listcount=\count170
\c@bookmark@seq@number=\count171

(/usr/local/texlive/2012/texmf-dist/tex/latex/oberdiek/rerunfilecheck.sty
Package: rerunfilecheck 2011/04/15 v1.7 Rerun checks for auxiliary files (HO)
Package uniquecounter Info: New unique counter `rerunfilecheck' on input line 2
82.
)
\Hy@SectionHShift=\skip66
)
(/usr/local/texlive/2012/texmf-dist/tex/latex/natbib/natbib.sty
Package: natbib 2010/09/13 8.31b (PWD, AO)
\bibhang=\skip67
\bibsep=\skip68
LaTeX Info: Redefining \cite on input line 694.
\c@NAT@ctr=\count172
)
(/Users/amoebe/Library/texmf/tex/latex/sty/epsexe.sty
(/Users/amoebe/Library/texmf/tex/latex/sty/cgloss4e.sty
\lineone=\box76
\linetwo=\box77
\linethree=\box78
\wordone=\box79
\wordtwo=\box80
\wordthree=\box81
\gline=\box82
\glossglue=\skip69
)
\c@fnx=\count173
\@xnumdepth=\count174
\c@xnumi=\count175
\c@xnumii=\count176
\c@xnumiii=\count177
\c@xnumiv=\count178
\c@exx=\count179
\c@rxnumi=\count180
\c@rxnumii=\count181
\c@rxnumiii=\count182
\c@rxnumiv=\count183
\lcommentsep=\skip70
)
(/usr/local/texlive/2012/texmf-dist/tex/latex/fancyhdr/fancyhdr.sty
\fancy@headwidth=\skip71
\f@ncyO@elh=\skip72
\f@ncyO@erh=\skip73
\f@ncyO@olh=\skip74
\f@ncyO@orh=\skip75
\f@ncyO@elf=\skip76
\f@ncyO@erf=\skip77
\f@ncyO@olf=\skip78
\f@ncyO@orf=\skip79
)
(/Users/amoebe/Library/texmf/tex/latex/sty/lastpage/lastpage.sty
Package: lastpage 2010/09/24 v1.2f Refers to last page's name (HMM; JPG)
) (./kiy.aux

LaTeX Warning: Label `tab:factorial' multiply defined.


LaTeX Warning: Label `fig:shift' multiply defined.

)
\openout1 = `kiy.aux'.

LaTeX Font Info:    Checking defaults for OML/cmm/m/it on input line 67.
LaTeX Font Info:    ... okay on input line 67.
LaTeX Font Info:    Checking defaults for T1/cmr/m/n on input line 67.
LaTeX Font Info:    ... okay on input line 67.
LaTeX Font Info:    Checking defaults for OT1/cmr/m/n on input line 67.
LaTeX Font Info:    ... okay on input line 67.
LaTeX Font Info:    Checking defaults for OMS/cmsy/m/n on input line 67.
LaTeX Font Info:    ... okay on input line 67.
LaTeX Font Info:    Checking defaults for OMX/cmex/m/n on input line 67.
LaTeX Font Info:    ... okay on input line 67.
LaTeX Font Info:    Checking defaults for U/cmr/m/n on input line 67.
LaTeX Font Info:    ... okay on input line 67.
LaTeX Font Info:    Checking defaults for T3/cmr/m/n on input line 67.
LaTeX Font Info:    Try loading font information for T3+cmr on input line 67.
 (/usr/local/texlive/2012/texmf-dist/tex/latex/tipa/t3cmr.fd
File: t3cmr.fd 2001/12/31 TIPA font definitions
)
LaTeX Font Info:    ... okay on input line 67.
LaTeX Font Info:    Checking defaults for PD1/pdf/m/n on input line 67.
LaTeX Font Info:    ... okay on input line 67.

*geometry* driver: auto-detecting
*geometry* detected driver: pdftex
*geometry* verbose mode - [ preamble ] result:
* driver: pdftex
* paper: letterpaper
* layout: <same size as paper>
* layoutoffset:(h,v)=(0.0pt,0.0pt)
* modes: 
* h-part:(L,W,R)=(72.26999pt, 469.75502pt, 72.26999pt)
* v-part:(T,H,B)=(72.26999pt, 650.43001pt, 72.26999pt)
* \paperwidth=614.295pt
* \paperheight=794.96999pt
* \textwidth=469.75502pt
* \textheight=650.43001pt
* \oddsidemargin=0.0pt
* \evensidemargin=0.0pt
* \topmargin=-37.0pt
* \headheight=15.2pt
* \headsep=12.0pt
* \topskip=12.0pt
* \footskip=30.0pt
* \marginparwidth=44.0pt
* \marginparsep=10.0pt
* \columnsep=10.0pt
* \skip\footins=10.8pt plus 4.0pt minus 2.0pt
* \hoffset=0.0pt
* \voffset=0.0pt
* \mag=1000
* \@twocolumnfalse
* \@twosidefalse
* \@mparswitchfalse
* \@reversemarginfalse
* (1in=72.27pt=25.4mm, 1cm=28.453pt)

(/usr/local/texlive/2012/texmf-dist/tex/context/base/supp-pdf.mkii
[Loading MPS to PDF converter (version 2006.09.02).]
\scratchcounter=\count184
\scratchdimen=\dimen232
\scratchbox=\box83
\nofMPsegments=\count185
\nofMParguments=\count186
\everyMPshowfont=\toks43
\MPscratchCnt=\count187
\MPscratchDim=\dimen233
\MPnumerator=\count188
\makeMPintoPDFobject=\count189
\everyMPtoPDFconversion=\toks44
)
Package caption Info: Begin \AtBeginDocument code.
Package caption Info: hyperref package is loaded.
Package caption Info: End \AtBeginDocument code.
 ABD: EveryShipout initializing macros
\AtBeginShipoutBox=\box84
Package hyperref Info: Link coloring OFF on input line 67.

(/usr/local/texlive/2012/texmf-dist/tex/latex/hyperref/nameref.sty
Package: nameref 2010/04/30 v2.40 Cross-referencing by name of section

(/usr/local/texlive/2012/texmf-dist/tex/generic/oberdiek/gettitlestring.sty
Package: gettitlestring 2010/12/03 v1.4 Cleanup title references (HO)
)
\c@section@level=\count190
)
LaTeX Info: Redefining \ref on input line 67.
LaTeX Info: Redefining \pageref on input line 67.
LaTeX Info: Redefining \nameref on input line 67.

(./kiy.out) (./kiy.out)
\@outlinefile=\write4
\openout4 = `kiy.out'.

Package lastpage Info: Have a look at the pagesLTS package at
(lastpage)             http://www.ctan.org/tex-archive/ 
(lastpage)             macros/latex/contrib/pagesLTS/ 
(lastpage)             or
(lastpage)             http://www.ctan.org/tex-archive/ 
(lastpage)             install/macros/latex/contrib/pagesLTS.tds.zip
(lastpage)             ! on input line 67.
LaTeX Font Info:    Try loading font information for U+msa on input line 69.

(/usr/local/texlive/2012/texmf-dist/tex/latex/amsfonts/umsa.fd
File: umsa.fd 2013/01/14 v3.01 AMS symbols A
)
LaTeX Font Info:    Try loading font information for U+msb on input line 69.

(/usr/local/texlive/2012/texmf-dist/tex/latex/amsfonts/umsb.fd
File: umsb.fd 2013/01/14 v3.01 AMS symbols B
) [1{/usr/local/texlive/2012/texmf-var/fonts/map/pdftex/updmap/pdftex.map}

]
LaTeX Font Info:    Try loading font information for OMS+cmr on input line 139.


(/usr/local/texlive/2012/texmf-dist/tex/latex/base/omscmr.fd
File: omscmr.fd 1999/05/25 v2.5h Standard LaTeX font definitions
)
LaTeX Font Info:    Font shape `OMS/cmr/m/n' in size <10.95> not available
(Font)              Font shape `OMS/cmsy/m/n' tried instead on input line 139.


Package hyperref Warning: Token not allowed in a PDF string (PDFDocEncoding):
(hyperref)                removing `\begingroup' on input line 166.


Package hyperref Warning: Token not allowed in a PDF string (PDFDocEncoding):
(hyperref)                removing `\let' on input line 166.


Package hyperref Warning: Token not allowed in a PDF string (PDFDocEncoding):
(hyperref)                removing `\<let>-command' on input line 166.


Package hyperref Warning: Token not allowed in a PDF string (PDFDocEncoding):
(hyperref)                removing `\NAT@ctype' on input line 166.


Package hyperref Warning: Token not allowed in a PDF string (PDFDocEncoding):
(hyperref)                removing `\z@' on input line 166.


Package hyperref Warning: Token not allowed in a PDF string (PDFDocEncoding):
(hyperref)                removing `\let' on input line 166.


Package hyperref Warning: Token not allowed in a PDF string (PDFDocEncoding):
(hyperref)                removing `\new@ifnextchar' on input line 166.

[2] (./figs/pike-tikz.tex
\pgf@layerbox@background=\box85
\pgf@layerboxsaved@background=\box86
\pgf@layerbox@foreground=\box87
\pgf@layerboxsaved@foreground=\box88
)
File: ./figs/pike-tikz.tex Graphic file (type tex)

Overfull \hbox (2.75279pt too wide) in paragraph at lines 204--208
[]\OT1/cmr/m/n/10.95 As Pike states, the pur-pose of the first clas-si-fi-ca-ti
on of words by morpho-phonological
 []

[3] (./figs/words-tikz.tex)
File: ./figs/words-tikz.tex Graphic file (type tex)
 [4] (./figs/sub-tikz.tex
LaTeX Font Info:    Try loading font information for T3+cmss on input line 59.

(/usr/local/texlive/2012/texmf-dist/tex/latex/tipa/t3cmss.fd
File: t3cmss.fd 2001/12/31 TIPA font definitions
))
File: ./figs/sub-tikz.tex Graphic file (type tex)
 [5] [6]
Package hyperref Info: bookmark level for unknown hypothesis defaults to 0 on i
nput line 370.

Overfull \hbox (47.75977pt too wide) in paragraph at lines 402--402
[]
 []

[7] (./figs/triangle3-tikz.tex)
File: ./figs/triangle3-tikz.tex Graphic file (type tex)
 (./figs/triangle-tikz.tex)
File: ./figs/triangle-tikz.tex Graphic file (type tex)

(./figs/triangle2-tikz.tex)
File: ./figs/triangle2-tikz.tex Graphic file (type tex)
Package hyperref Info: bookmark level for unknown question defaults to 0 on inp
ut line 507.

Overfull \hbox (12.87816pt too wide) in paragraph at lines 526--528
[]\OT1/cmr/m/it/10.95 The pri-mary
 []


LaTeX Warning: `!h' float specifier changed to `!ht'.

[8] [9] [10]
Overfull \hbox (82.65344pt too wide) in paragraph at lines 598--606
\OT1/cmr/m/n/10.95 est recorded elic-i-ta-tion ses-sions, \OT1/cmtt/m/n/10.95 2
0111207-1-kiy-ap-wordlist\OT1/cmr/m/n/10.95 , \OT1/cmtt/m/n/10.95 20111207-2-ki
y-ap-framedwordlist\OT1/cmr/m/n/10.95 ,
 []

<./figs/kiy-20111207-plot-unexplained.pdf, id=328, 433.62pt x 433.62pt>
File: ./figs/kiy-20111207-plot-unexplained.pdf Graphic file (type pdf)

<use ./figs/kiy-20111207-plot-unexplained.pdf>
Package pdftex.def Info: ./figs/kiy-20111207-plot-unexplained.pdf used on input
 line 616.
(pdftex.def)             Requested size: 281.85587pt x 281.8695pt.


Package caption Warning: \label without proper \caption on input line 3053.
See the caption package documentation for explanation.


LaTeX Warning: Reference `tab:kiy-20111208' on page 11 undefined on input line 
623.


Package caption Warning: \label without proper \caption on input line 663.
See the caption package documentation for explanation.


LaTeX Warning: Reference `tab:kiy-20111208-target' on page 11 undefined on inpu
t line 633.


Package caption Warning: \label without proper \caption on input line 663.
See the caption package documentation for explanation.


LaTeX Warning: Reference `tab:kiy-20111208-target' on page 11 undefined on inpu
t line 634.

[11 <./figs/kiy-20111207-plot-unexplained.pdf>]
Underfull \hbox (badness 10000) in paragraph at lines 665--665
[]\OT1/cmr/m/n/12 Table 3: |A par-tial list of tar-get words (sub-sti-tu-tion i
tems) from
 []

<./figs/kiy-20111208-plot-unexplained.pdf, id=351, 433.62pt x 433.62pt>
File: ./figs/kiy-20111208-plot-unexplained.pdf Graphic file (type pdf)

<use ./figs/kiy-20111208-plot-unexplained.pdf>
Package pdftex.def Info: ./figs/kiy-20111208-plot-unexplained.pdf used on input
 line 679.
(pdftex.def)             Requested size: 225.4804pt x 225.48369pt.

<./figs/kiy-20111208-plot-iso.pdf, id=352, 433.62pt x 433.62pt>
File: ./figs/kiy-20111208-plot-iso.pdf Graphic file (type pdf)

<use ./figs/kiy-20111208-plot-iso.pdf>
Package pdftex.def Info: ./figs/kiy-20111208-plot-iso.pdf used on input line 68
6.
(pdftex.def)             Requested size: 225.4804pt x 225.48369pt.

Underfull \hbox (badness 4144) in paragraph at lines 698--698
[]\OT1/cmr/m/n/12 Figure 6: |f0 con-tours of tar-get words from all recorded el
ic-i-ta-tion items in
 []


LaTeX Warning: `h' float specifier changed to `ht'.

<./figs/kiy-20111208-plot-targets-niso-mess.pdf, id=361, 433.62pt x 433.62pt>
File: ./figs/kiy-20111208-plot-targets-niso-mess.pdf Graphic file (type pdf)

<use ./figs/kiy-20111208-plot-targets-niso-mess.pdf>
Package pdftex.def Info: ./figs/kiy-20111208-plot-targets-niso-mess.pdf used on
 input line 727.
(pdftex.def)             Requested size: 234.8775pt x 234.87912pt.

<./figs/kiy-20111208-plot-targets-niso.pdf, id=362, 433.62pt x 433.62pt>
File: ./figs/kiy-20111208-plot-targets-niso.pdf Graphic file (type pdf)

<use ./figs/kiy-20111208-plot-targets-niso.pdf>
Package pdftex.def Info: ./figs/kiy-20111208-plot-targets-niso.pdf used on inpu
t line 735.
(pdftex.def)             Requested size: 328.82707pt x 328.84004pt.

Underfull \hbox (badness 2980) in paragraph at lines 743--743
[]\OT1/cmr/m/n/12 Figure 7: |f0 con-tours of the sub-sti-tu-tion items \OT1/cmr
/m/it/12 foo \OT1/cmr/m/n/12 `wal-laby', \OT1/cmr/m/it/12 kee \OT1/cmr/m/n/12 `
ant', \OT1/cmr/m/it/12 kaza
 []


LaTeX Warning: Float too large for page by 34.18913pt on input line 744.


LaTeX Warning: `h' float specifier changed to `ht'.

[12] [13 <./figs/kiy-20111208-plot-unexplained.pdf> <./figs/kiy-20111208-plot-i
so.pdf>] [14 <./figs/kiy-20111208-plot-targets-niso-mess.pdf> <./figs/kiy-20111
208-plot-targets-niso.pdf>]
Overfull \hbox (15.67221pt too wide) in paragraph at lines 762--762
[]\OT1/cmr/bx/n/14.4 Experimental de-sign in later toneme dis-cov-ery: tonemes
 []


LaTeX Font Warning: Font shape `OT1/cmr/bx/sc' undefined
(Font)              using `OT1/cmr/bx/n' instead on input line 782.

[15

]

LaTeX Warning: `!h' float specifier changed to `!ht'.

[16] [17] [18] [19]
Overfull \hbox (3.82773pt too wide) in paragraph at lines 1117--1120
[]\OT1/cmr/m/sc/10.95 prosodic po-si-tion \OT1/cmr/m/n/10.95 (of sub-sti-tu-tio
n item): utterance-initial (fixed; utterance-
 []


LaTeX Warning: `!h' float specifier changed to `!ht'.


LaTeX Warning: `!h' float specifier changed to `!ht'.


LaTeX Warning: `!h' float specifier changed to `!ht'.

<./figs/kiy-20111213-plot-all-by-tone.pdf, id=486, 433.62pt x 433.62pt>
File: ./figs/kiy-20111213-plot-all-by-tone.pdf Graphic file (type pdf)

<use ./figs/kiy-20111213-plot-all-by-tone.pdf>
Package pdftex.def Info: ./figs/kiy-20111213-plot-all-by-tone.pdf used on input
 line 1214.
(pdftex.def)             Requested size: 375.80544pt x 375.8238pt.

<./figs/kiy-20111213-plot-w1.pdf, id=489, 433.62pt x 433.62pt>
File: ./figs/kiy-20111213-plot-w1.pdf Graphic file (type pdf)

<use ./figs/kiy-20111213-plot-w1.pdf>
Package pdftex.def Info: ./figs/kiy-20111213-plot-w1.pdf used on input line 124
0.
(pdftex.def)             Requested size: 234.8775pt x 234.87912pt.

<./figs/kiy-20111213-plot-w2.pdf, id=490, 433.62pt x 433.62pt>
File: ./figs/kiy-20111213-plot-w2.pdf Graphic file (type pdf)

<use ./figs/kiy-20111213-plot-w2.pdf>
Package pdftex.def Info: ./figs/kiy-20111213-plot-w2.pdf used on input line 124
7.
(pdftex.def)             Requested size: 234.8775pt x 234.87912pt.

<./figs/kiy-20111213-plot-w1-facet.pdf, id=493, 433.62pt x 433.62pt>
File: ./figs/kiy-20111213-plot-w1-facet.pdf Graphic file (type pdf)

<use ./figs/kiy-20111213-plot-w1-facet.pdf>
Package pdftex.def Info: ./figs/kiy-20111213-plot-w1-facet.pdf used on input li
ne 1264.
(pdftex.def)             Requested size: 234.8775pt x 234.87912pt.

<./figs/kiy-20111213-plot-w2-facet.pdf, id=494, 433.62pt x 433.62pt>
File: ./figs/kiy-20111213-plot-w2-facet.pdf Graphic file (type pdf)

<use ./figs/kiy-20111213-plot-w2-facet.pdf>
Package pdftex.def Info: ./figs/kiy-20111213-plot-w2-facet.pdf used on input li
ne 1271.
(pdftex.def)             Requested size: 234.8775pt x 234.87912pt.
 [20] [21 <./figs/kiy-20111213-plot-all-by-tone.pdf>] [22 <./figs/kiy-20111213-
plot-w1.pdf> <./figs/kiy-20111213-plot-w2.pdf>] [23] [24 <./figs/kiy-20111213-p
lot-w1-facet.pdf> <./figs/kiy-20111213-plot-w2-facet.pdf>] [25

]
Underfull \hbox (badness 4859) in paragraph at lines 1373--1373
[]\OT1/cmr/m/n/12 Utterance-final, phrase-
 []


Underfull \hbox (badness 4328) in paragraph at lines 1374--1375
\OT1/cmr/m/n/12 ([]1989[]), []Shattuck-Hufnagel and
 []


Underfull \hbox (badness 10000) in paragraph at lines 1375--1375
[]\OT1/cmr/m/n/12 Phrase-initial, phrase-
 []


Underfull \hbox (badness 1603) in paragraph at lines 1377--1377
[]\OT1/cmr/m/n/12 Tonal coar-tic-u-la-tion
 []


Underfull \hbox (badness 10000) in paragraph at lines 1385--1386
[][]\OT1/cmr/m/n/12 Liberman and Pier-re-hum-bert[]
 []


Underfull \hbox (badness 6110) in paragraph at lines 1392--1392
[]\OT1/cmr/m/n/12 Phonetic ac-com-mo-
 []


Underfull \hbox (badness 10000) in paragraph at lines 1392--1392
[]\OT1/cmr/m/n/12 pre-exposure, post-
 []


LaTeX Warning: `!h' float specifier changed to `!ht'.


LaTeX Warning: `!h' float specifier changed to `!ht'.


LaTeX Warning: `h' float specifier changed to `ht'.

[26]

LaTeX Warning: Text page 27 contains only floats.


Overfull \vbox (0.86957pt too high) has occurred while \output is active []


[27] [28]

Package hyperref Warning: Token not allowed in a PDF string (PDFDocEncoding):
(hyperref)                removing `\begingroup' on input line 1593.


Package hyperref Warning: Token not allowed in a PDF string (PDFDocEncoding):
(hyperref)                removing `\let' on input line 1593.


Package hyperref Warning: Token not allowed in a PDF string (PDFDocEncoding):
(hyperref)                removing `\<let>-command' on input line 1593.


Package hyperref Warning: Token not allowed in a PDF string (PDFDocEncoding):
(hyperref)                removing `\NAT@ctype' on input line 1593.


Package hyperref Warning: Token not allowed in a PDF string (PDFDocEncoding):
(hyperref)                removing `\z@' on input line 1593.


Package hyperref Warning: Token not allowed in a PDF string (PDFDocEncoding):
(hyperref)                removing `\let' on input line 1593.


Package hyperref Warning: Token not allowed in a PDF string (PDFDocEncoding):
(hyperref)                removing `\new@ifnextchar' on input line 1593.

[29]

LaTeX Warning: `!h' float specifier changed to `!ht'.


LaTeX Warning: `!h' float specifier changed to `!ht'.

[30] [31]

LaTeX Warning: `!h' float specifier changed to `!ht'.

[32] [33] (./figs/period-tikz.tex)
File: ./figs/period-tikz.tex Graphic file (type tex)
 [34]
Underfull \hbox (badness 10000) in paragraph at lines 2000--2001

 []


Underfull \hbox (badness 10000) in paragraph at lines 2000--2001

 []

[35]
Overfull \hbox (7.55867pt too wide) in paragraph at lines 2017--2032
\OT1/cmr/m/n/10.95 from elec-tro-phys-i-o-log-i-cal stud-ies study-ing the brai
n-stem's fre-quency fol-low-ing response---
 []


Underfull \hbox (badness 10000) in paragraph at lines 2038--2039

 []

[36] [37] [38] (./figs/squarewavs-tikz.tex)
File: ./figs/squarewavs-tikz.tex Graphic file (type tex)
 [39] (./figs/square-tikz.tex)
File: ./figs/square-tikz.tex Graphic file (type tex)

(./figs/squarewavsshift-tikz.tex)
File: ./figs/squarewavsshift-tikz.tex Graphic file (type tex)
 (./figs/square0-tikz.tex)
File: ./figs/square0-tikz.tex Graphic file (type tex)

(./figs/square4-tikz.tex)
File: ./figs/square4-tikz.tex Graphic file (type tex)
 (./figs/square8-tikz.tex)
File: ./figs/square8-tikz.tex Graphic file (type tex)
 (./figs/square12-tikz.tex)
File: ./figs/square12-tikz.tex Graphic file (type tex)

(./figs/square16-tikz.tex)
File: ./figs/square16-tikz.tex Graphic file (type tex)
 (./figs/square12r-tikz.tex)
File: ./figs/square12r-tikz.tex Graphic file (type tex)

(./figs/square8r-tikz.tex)
File: ./figs/square8r-tikz.tex Graphic file (type tex)
 (./figs/square4r-tikz.tex)
File: ./figs/square4r-tikz.tex Graphic file (type tex)
 (./figs/square0r-tikz.tex)
File: ./figs/square0r-tikz.tex Graphic file (type tex)
 [40] [41] [42] (./figs/trianglefxn-tikz.tex)
File: ./figs/trianglefxn-tikz.tex Graphic file (type tex)
 (./figs/toothfxn-tikz.tex)
File: ./figs/toothfxn-tikz.tex Graphic file (type tex)

[43] [44] [45

] <./figs/vf.pdf, id=1014, 361.35pt x 252.945pt>
File: ./figs/vf.pdf Graphic file (type pdf)

<use ./figs/vf.pdf>
Package pdftex.def Info: ./figs/vf.pdf used on input line 2539.
(pdftex.def)             Requested size: 281.85587pt x 197.30016pt.
 <./figs/pd2.pdf, id=1019, 361.35pt x 252.945pt>
File: ./figs/pd2.pdf Graphic file (type pdf)

<use ./figs/pd2.pdf>
Package pdftex.def Info: ./figs/pd2.pdf used on input line 2562.
(pdftex.def)             Requested size: 281.85587pt x 197.30016pt.
 [46 <./figs/vf.pdf>]
Overfull \hbox (47.75977pt too wide) in paragraph at lines 2594--2594
[]
 []

[47 <./figs/pd2.pdf>] [48] [49] [50

] (./figs/res-2-tikz.tex)
File: ./figs/res-2-tikz.tex Graphic file (type tex)

(./figs/res-3-tikz.tex)
File: ./figs/res-3-tikz.tex Graphic file (type tex)
 (./figs/res-5-tikz.tex)
File: ./figs/res-5-tikz.tex Graphic file (type tex)
 (./figs/res-10-tikz.tex)
File: ./figs/res-10-tikz.tex Graphic file (type tex)

(./figs/res-100-tikz.tex)
File: ./figs/res-100-tikz.tex Graphic file (type tex)
 [51] (./figs/poly-tikz.tex)
File: ./figs/poly-tikz.tex Graphic file (type tex)
 [52]
(./figs/deriv2-tikz.tex)
File: ./figs/deriv2-tikz.tex Graphic file (type tex)
 [53] (./kiy.bbl [54] [55]
Underfull \hbox (badness 1057) in paragraph at lines 200--206
[]\OT1/cmr/m/n/10.95 Fougeron, C^^Secile, and Sun-Ah Jun. 1998.  Rate ef-fects 
on french in-to-na-tion:
 []

[56] [57]
Underfull \hbox (badness 8056) in paragraph at lines 505--511
[]\OT1/cmr/m/n/10.95 Rose, Phil. 1987.  Con-sid-er-a-tions in the nor-mal-i-sa-
tion of the fun-da-
 []


Underfull \hbox (badness 5260) in paragraph at lines 505--511
\OT1/cmr/m/n/10.95 men-tal fre-quency of lin-guis-tic tone.  \OT1/cmr/m/it/10.9
5 Speech Com-mu-ni-ca-tion \OT1/cmr/m/n/10.95 6:343--352.
 []

[58] [59]) [60]
Overfull \hbox (23.13683pt too wide) in paragraph at lines 3014--3054
[][]
 []

[61] [62] AED: lastpage setting LastPage 
Package atveryend Info: Empty hook `BeforeClearDocument' on input line 3090.
Package atveryend Info: Empty hook `AfterLastShipout' on input line 3090.
(./kiy.aux)
Package atveryend Info: Executing hook `AtVeryEndDocument' on input line 3090.
Package atveryend Info: Executing hook `AtEndAfterFileList' on input line 3090.

Package rerunfilecheck Info: File `kiy.out' has not changed.
(rerunfilecheck)             Checksum: 951935AA91CEDF19B80965B165304A60;2356.


LaTeX Font Warning: Some font shapes were not available, defaults substituted.


LaTeX Warning: There were undefined references.


LaTeX Warning: There were multiply-defined labels.

Package atveryend Info: Empty hook `AtVeryVeryEnd' on input line 3090.
 ) 
Here is how much of TeX's memory you used:
 28450 strings out of 493488
 592150 string characters out of 3141326
 864179 words of memory out of 3000000
 30776 multiletter control sequences out of 15000+200000
 23401 words of font info for 88 fonts, out of 3000000 for 9000
 957 hyphenation exceptions out of 8191
 75i,23n,102p,1204b,2064s stack positions out of 5000i,500n,10000p,200000b,50000s
pdfTeX warning (dest): name{Hfootnote.20} has been referenced but does not ex
ist, replaced by a fixed one

pdfTeX warning (dest): name{Hfootnote.19} has been referenced but does not exis
t, replaced by a fixed one

pdfTeX warning (dest): name{Hfootnote.18} has been referenced but does not exis
t, replaced by a fixed one

pdfTeX warning (dest): name{Hfootnote.17} has been referenced but does not exis
t, replaced by a fixed one

pdfTeX warning (dest): name{Hfootnote.16} has been referenced but does not exis
t, replaced by a fixed one

pdfTeX warning (dest): name{Hfootnote.15} has been referenced but does not exis
t, replaced by a fixed one

pdfTeX warning (dest): name{Hfootnote.14} has been referenced but does not exis
t, replaced by a fixed one

pdfTeX warning (dest): name{Hfootnote.13} has been referenced but does not exis
t, replaced by a fixed one

pdfTeX warning (dest): name{Hfootnote.12} has been referenced but does not exis
t, replaced by a fixed one

pdfTeX warning (dest): name{Hfootnote.11} has been referenced but does not exis
t, replaced by a fixed one

pdfTeX warning (dest): name{Hfootnote.10} has been referenced but does not exis
t, replaced by a fixed one

pdfTeX warning (dest): name{Hfootnote.9} has been referenced but does not exist
, replaced by a fixed one

pdfTeX warning (dest): name{Hfootnote.8} has been referenced but does not exist
, replaced by a fixed one

pdfTeX warning (dest): name{Hfootnote.7} has been referenced but does not exist
, replaced by a fixed one

pdfTeX warning (dest): name{Hfootnote.6} has been referenced but does not exist
, replaced by a fixed one

pdfTeX warning (dest): name{Hfootnote.5} has been referenced but does not exist
, replaced by a fixed one

pdfTeX warning (dest): name{Hfootnote.4} has been referenced but does not exist
, replaced by a fixed one

pdfTeX warning (dest): name{Hfootnote.3} has been referenced but does not exist
, replaced by a fixed one

pdfTeX warning (dest): name{Hfootnote.2} has been referenced but does not exist
, replaced by a fixed one

pdfTeX warning (dest): name{Hfootnote.1} has been referenced but does not exist
, replaced by a fixed one

</usr/local/texlive/2012/texmf-dist/fonts/type1/public/amsfonts/cm/cmbx10.pfb><
/usr/local/texlive/2012/texmf-dist/fonts/type1/public/amsfonts/cm/cmbx12.pfb></
usr/local/texlive/2012/texmf-dist/fonts/type1/public/amsfonts/cm/cmcsc10.pfb></
usr/local/texlive/2012/texmf-dist/fonts/type1/public/amsfonts/cm/cmmi10.pfb></u
sr/local/texlive/2012/texmf-dist/fonts/type1/public/amsfonts/cm/cmmi12.pfb></us
r/local/texlive/2012/texmf-dist/fonts/type1/public/amsfonts/cm/cmmi5.pfb></usr/
local/texlive/2012/texmf-dist/fonts/type1/public/amsfonts/cm/cmmi6.pfb></usr/lo
cal/texlive/2012/texmf-dist/fonts/type1/public/amsfonts/cm/cmmi8.pfb></usr/loca
l/texlive/2012/texmf-dist/fonts/type1/public/amsfonts/cm/cmr10.pfb></usr/local/
texlive/2012/texmf-dist/fonts/type1/public/amsfonts/cm/cmr12.pfb></usr/local/te
xlive/2012/texmf-dist/fonts/type1/public/amsfonts/cm/cmr17.pfb></usr/local/texl
ive/2012/texmf-dist/fonts/type1/public/amsfonts/cm/cmr6.pfb></usr/local/texlive
/2012/texmf-dist/fonts/type1/public/amsfonts/cm/cmr7.pfb></usr/local/texlive/20
12/texmf-dist/fonts/type1/public/amsfonts/cm/cmr8.pfb></usr/local/texlive/2012/
texmf-dist/fonts/type1/public/amsfonts/cm/cmss10.pfb></usr/local/texlive/2012/t
exmf-dist/fonts/type1/public/amsfonts/cm/cmss12.pfb></usr/local/texlive/2012/te
xmf-dist/fonts/type1/public/amsfonts/cm/cmssbx10.pfb></usr/local/texlive/2012/t
exmf-dist/fonts/type1/public/amsfonts/cm/cmsy10.pfb></usr/local/texlive/2012/te
xmf-dist/fonts/type1/public/amsfonts/cm/cmsy5.pfb></usr/local/texlive/2012/texm
f-dist/fonts/type1/public/amsfonts/cm/cmsy6.pfb></usr/local/texlive/2012/texmf-
dist/fonts/type1/public/amsfonts/cm/cmsy7.pfb></usr/local/texlive/2012/texmf-di
st/fonts/type1/public/amsfonts/cm/cmsy8.pfb></usr/local/texlive/2012/texmf-dist
/fonts/type1/public/amsfonts/cm/cmti10.pfb></usr/local/texlive/2012/texmf-dist/
fonts/type1/public/amsfonts/cm/cmti12.pfb></usr/local/texlive/2012/texmf-dist/f
onts/type1/public/amsfonts/cm/cmtt10.pfb></usr/local/texlive/2012/texmf-dist/fo
nts/type1/public/amsfonts/cm/cmtt12.pfb></usr/local/texlive/2012/texmf-dist/fon
ts/type1/public/tipa/tipa10.pfb></usr/local/texlive/2012/texmf-dist/fonts/type1
/public/tipa/tipass12.pfb>
Output written on kiy.pdf (62 pages, 1033794 bytes).
PDF statistics:
 1515 PDF objects out of 1728 (max. 8388607)
 1349 compressed objects within 14 object streams
 279 named destinations out of 1000 (max. 500000)
 281 words of extra memory for PDF output out of 10000 (max. 10000000)

