\BOOKMARK [1][-]{section.1}{Introduction}{}% 1
\BOOKMARK [1][-]{section.2}{Components of an experimental state of mind}{}% 2
\BOOKMARK [2][-]{subsection.2.1}{Pike:1948's toneme discovery procedure: a walkthrough}{section.2}% 3
\BOOKMARK [2][-]{subsection.2.2}{Experimental design in early toneme discovery: tonal class as a latent variable}{section.2}% 4
\BOOKMARK [3][-]{subsubsection.2.2.1}{Example: the earliest stages in discovering Kirikiri tones}{subsection.2.2}% 5
\BOOKMARK [2][-]{subsection.2.3}{Experimental design in later toneme discovery: tonemes as independent variables}{section.2}% 6
\BOOKMARK [3][-]{subsubsection.2.3.1}{Blocking and replication}{subsection.2.3}% 7
\BOOKMARK [3][-]{subsubsection.2.3.2}{Randomization}{subsection.2.3}% 8
\BOOKMARK [3][-]{subsubsection.2.3.3}{Example: tonal class as an independent variable in Kirikiri}{subsection.2.3}% 9
\BOOKMARK [1][-]{section.3}{Using experimental design principles to generalize beyond Pike \(1984\)}{}% 10
\BOOKMARK [2][-]{subsection.3.1}{Generalizing the set of independent variables}{section.3}% 11
\BOOKMARK [2][-]{subsection.3.2}{Parametrizing variables}{section.3}% 12
\BOOKMARK [2][-]{subsection.3.3}{Generalizing to different research questions}{section.3}% 13
\BOOKMARK [3][-]{subsubsection.3.3.1}{Example: tone as a dependent variable}{subsection.3.3}% 14
\BOOKMARK [3][-]{subsubsection.3.3.2}{Example: tonotactics in Thlantlang Lai Hyman:2007}{subsection.3.3}% 15
\BOOKMARK [3][-]{subsubsection.3.3.3}{Example: tonal realization in White Hmong}{subsection.3.3}% 16
\BOOKMARK [3][-]{subsubsection.3.3.4}{Example: tonal case marking in Samoan}{subsection.3.3}% 17
\BOOKMARK [1][-]{section.4}{The dependent variable: pitch and beyond}{}% 18
\BOOKMARK [2][-]{subsection.4.1}{The basics of fundamental frequency and pitch}{section.4}% 19
\BOOKMARK [2][-]{subsection.4.2}{The role of recordings in tonal fieldwork}{section.4}% 20
\BOOKMARK [2][-]{subsection.4.3}{Interpreting f0 contours}{section.4}% 21
\BOOKMARK [3][-]{subsubsection.4.3.1}{f0 estimation}{subsection.4.3}% 22
\BOOKMARK [3][-]{subsubsection.4.3.2}{When fundamental frequency is ill-defined}{subsection.4.3}% 23
\BOOKMARK [2][-]{subsection.4.4}{Fundamental frequency and beyond}{section.4}% 24
\BOOKMARK [1][-]{section.5}{Conclusion}{}% 25
\BOOKMARK [1][-]{appendix.A}{Elicitation item lists for Kirikiri}{}% 26
